{"name":"hexo","hostname":"yulongjundeMacBook-Pro.local","pid":4546,"level":20,"msg":"Hexo version: \u001b[35m3.2.0\u001b[39m","time":"2016-04-06T12:53:24.088Z","v":0}
{"name":"hexo","hostname":"yulongjundeMacBook-Pro.local","pid":4546,"level":20,"msg":"Working directory: \u001b[35m~/blog/\u001b[39m","time":"2016-04-06T12:53:24.092Z","v":0}
{"name":"hexo","hostname":"yulongjundeMacBook-Pro.local","pid":4546,"level":20,"msg":"Config loaded: \u001b[35m~/blog/_config.yml\u001b[39m","time":"2016-04-06T12:53:24.190Z","v":0}
{"name":"hexo","hostname":"yulongjundeMacBook-Pro.local","pid":4546,"level":20,"msg":"Plugin loaded: \u001b[35mhexo-deployer-git\u001b[39m","time":"2016-04-06T12:53:24.203Z","v":0}
{"name":"hexo","hostname":"yulongjundeMacBook-Pro.local","pid":4546,"level":20,"msg":"Plugin loaded: \u001b[35mhexo-generator-category\u001b[39m","time":"2016-04-06T12:53:24.205Z","v":0}
{"name":"hexo","hostname":"yulongjundeMacBook-Pro.local","pid":4546,"level":20,"msg":"Plugin loaded: \u001b[35mhexo-generator-archive\u001b[39m","time":"2016-04-06T12:53:24.208Z","v":0}
{"name":"hexo","hostname":"yulongjundeMacBook-Pro.local","pid":4546,"level":20,"msg":"Plugin loaded: \u001b[35mhexo-generator-feed\u001b[39m","time":"2016-04-06T12:53:24.245Z","v":0}
{"name":"hexo","hostname":"yulongjundeMacBook-Pro.local","pid":4546,"level":20,"msg":"Plugin loaded: \u001b[35mhexo-generator-index\u001b[39m","time":"2016-04-06T12:53:24.247Z","v":0}
{"name":"hexo","hostname":"yulongjundeMacBook-Pro.local","pid":4546,"level":20,"msg":"Plugin loaded: \u001b[35mhexo-generator-tag\u001b[39m","time":"2016-04-06T12:53:24.250Z","v":0}
{"name":"hexo","hostname":"yulongjundeMacBook-Pro.local","pid":4546,"level":20,"msg":"Plugin loaded: \u001b[35mhexo-renderer-marked\u001b[39m","time":"2016-04-06T12:53:24.255Z","v":0}
{"name":"hexo","hostname":"yulongjundeMacBook-Pro.local","pid":4546,"level":20,"msg":"Plugin loaded: \u001b[35mhexo-renderer-ejs\u001b[39m","time":"2016-04-06T12:53:24.258Z","v":0}
{"name":"hexo","hostname":"yulongjundeMacBook-Pro.local","pid":4546,"level":20,"msg":"Plugin loaded: \u001b[35mhexo-renderer-stylus\u001b[39m","time":"2016-04-06T12:53:24.260Z","v":0}
{"name":"hexo","hostname":"yulongjundeMacBook-Pro.local","pid":4546,"level":20,"msg":"Plugin loaded: \u001b[35mhexo-server\u001b[39m","time":"2016-04-06T12:53:24.319Z","v":0}
{"name":"hexo","hostname":"yulongjundeMacBook-Pro.local","pid":4546,"level":20,"msg":"Script loaded: \u001b[35mthemes/next/scripts/merge-configs.js\u001b[39m","time":"2016-04-06T12:53:24.319Z","v":0}
{"name":"hexo","hostname":"yulongjundeMacBook-Pro.local","pid":4546,"level":20,"msg":"Script loaded: \u001b[35mthemes/next/scripts/tags/full-image.js\u001b[39m","time":"2016-04-06T12:53:24.320Z","v":0}
{"name":"hexo","hostname":"yulongjundeMacBook-Pro.local","pid":4546,"level":20,"msg":"Script loaded: \u001b[35mthemes/next/scripts/tags/center-quote.js\u001b[39m","time":"2016-04-06T12:53:24.320Z","v":0}
{"name":"hexo","hostname":"yulongjundeMacBook-Pro.local","pid":4546,"level":20,"msg":"Script loaded: \u001b[35mthemes/next/scripts/tags/group-pictures.js\u001b[39m","time":"2016-04-06T12:53:24.321Z","v":0}
{"name":"hexo","hostname":"yulongjundeMacBook-Pro.local","pid":4546,"level":20,"msg":"Loading database.","time":"2016-04-06T12:53:24.330Z","v":0}
{"name":"hexo","hostname":"yulongjundeMacBook-Pro.local","pid":4546,"level":30,"msg":"Start processing","time":"2016-04-06T12:53:24.337Z","v":0}
{"name":"hexo","hostname":"yulongjundeMacBook-Pro.local","pid":4546,"level":20,"msg":"Processed: \u001b[35mCNAME\u001b[39m","time":"2016-04-06T12:53:24.393Z","v":0}
{"name":"hexo","hostname":"yulongjundeMacBook-Pro.local","pid":4546,"level":20,"msg":"Processed: \u001b[35mdebug.log\u001b[39m","time":"2016-04-06T12:53:24.394Z","v":0}
{"name":"hexo","hostname":"yulongjundeMacBook-Pro.local","pid":4546,"level":20,"msg":"Processed: \u001b[35mimages/avatar.jpg\u001b[39m","time":"2016-04-06T12:53:24.476Z","v":0}
{"name":"hexo","hostname":"yulongjundeMacBook-Pro.local","pid":4546,"level":20,"msg":"Processed: \u001b[35m404.html\u001b[39m","time":"2016-04-06T12:53:24.504Z","v":0}
{"name":"hexo","hostname":"yulongjundeMacBook-Pro.local","pid":4546,"level":20,"msg":"Processed: \u001b[35mimages/wechatpay.jpg\u001b[39m","time":"2016-04-06T12:53:24.504Z","v":0}
{"name":"hexo","hostname":"yulongjundeMacBook-Pro.local","pid":4546,"level":20,"msg":"Theme config loaded.","time":"2016-04-06T12:53:24.526Z","v":0}
{"name":"hexo","hostname":"yulongjundeMacBook-Pro.local","pid":4546,"level":20,"msg":"Processed: \u001b[35m_config.yml\u001b[39m","time":"2016-04-06T12:53:24.528Z","v":0}
{"name":"hexo","hostname":"yulongjundeMacBook-Pro.local","pid":4546,"level":20,"msg":"Processed: \u001b[35mimages/alipay.jpg\u001b[39m","time":"2016-04-06T12:53:24.529Z","v":0}
{"name":"hexo","hostname":"yulongjundeMacBook-Pro.local","pid":4546,"level":20,"msg":"Processed: \u001b[35mimages/git-github/2.png\u001b[39m","time":"2016-04-06T12:53:24.530Z","v":0}
{"name":"hexo","hostname":"yulongjundeMacBook-Pro.local","pid":4546,"level":20,"msg":"Processed: \u001b[35mimages/oop-class/1458463116264.png\u001b[39m","time":"2016-04-06T12:53:24.531Z","v":0}
{"name":"hexo","hostname":"yulongjundeMacBook-Pro.local","pid":4546,"level":20,"msg":"Processed: \u001b[35mimages/oop-class/1458465369859.png\u001b[39m","time":"2016-04-06T12:53:24.531Z","v":0}
{"name":"hexo","hostname":"yulongjundeMacBook-Pro.local","pid":4546,"level":20,"msg":"Processed: \u001b[35mimages/oop-class/1458465493354.png\u001b[39m","time":"2016-04-06T12:53:24.532Z","v":0}
{"name":"hexo","hostname":"yulongjundeMacBook-Pro.local","pid":4546,"level":20,"msg":"Processed: \u001b[35mimages/oop-class/1458466970032.png\u001b[39m","time":"2016-04-06T12:53:24.532Z","v":0}
{"name":"hexo","hostname":"yulongjundeMacBook-Pro.local","pid":4546,"level":20,"msg":"Processed: \u001b[35mimages/oop-class/1458474720783.png\u001b[39m","time":"2016-04-06T12:53:24.533Z","v":0}
{"name":"hexo","hostname":"yulongjundeMacBook-Pro.local","pid":4546,"level":20,"msg":"Processed: \u001b[35mimages/oop-class/1458474744317.png\u001b[39m","time":"2016-04-06T12:53:24.534Z","v":0}
{"name":"hexo","hostname":"yulongjundeMacBook-Pro.local","pid":4546,"level":20,"msg":"Processed: \u001b[35mimages/oop-class/1458475159209.png\u001b[39m","time":"2016-04-06T12:53:24.535Z","v":0}
{"name":"hexo","hostname":"yulongjundeMacBook-Pro.local","pid":4546,"level":20,"msg":"Processed: \u001b[35mimages/oop-class/1458475225225.png\u001b[39m","time":"2016-04-06T12:53:24.535Z","v":0}
{"name":"hexo","hostname":"yulongjundeMacBook-Pro.local","pid":4546,"level":20,"msg":"Processed: \u001b[35mimages/oop-class/1458477601644.png\u001b[39m","time":"2016-04-06T12:53:24.536Z","v":0}
{"name":"hexo","hostname":"yulongjundeMacBook-Pro.local","pid":4546,"level":20,"msg":"Processed: \u001b[35mimages/oop-class/1458477588760.png\u001b[39m","time":"2016-04-06T12:53:24.536Z","v":0}
{"name":"hexo","hostname":"yulongjundeMacBook-Pro.local","pid":4546,"level":20,"msg":"Processed: \u001b[35mimages/oop-class/1458746545517.png\u001b[39m","time":"2016-04-06T12:53:24.537Z","v":0}
{"name":"hexo","hostname":"yulongjundeMacBook-Pro.local","pid":4546,"level":20,"msg":"Processed: \u001b[35mimages/oop-class/1458791011232.png\u001b[39m","time":"2016-04-06T12:53:24.538Z","v":0}
{"name":"hexo","hostname":"yulongjundeMacBook-Pro.local","pid":4546,"level":20,"msg":"Processed: \u001b[35mimages/oop-class/1458739312373.png\u001b[39m","time":"2016-04-06T12:53:24.539Z","v":0}
{"name":"hexo","hostname":"yulongjundeMacBook-Pro.local","pid":4546,"level":20,"msg":"Processed: \u001b[35msource/css/main.styl\u001b[39m","time":"2016-04-06T12:53:24.551Z","v":0}
{"name":"hexo","hostname":"yulongjundeMacBook-Pro.local","pid":4546,"level":20,"msg":"Processed: \u001b[35msource/images/cc-by-nc-nd.svg\u001b[39m","time":"2016-04-06T12:53:24.552Z","v":0}
{"name":"hexo","hostname":"yulongjundeMacBook-Pro.local","pid":4546,"level":20,"msg":"Processed: \u001b[35msource/images/cc-by-nc-sa.svg\u001b[39m","time":"2016-04-06T12:53:24.552Z","v":0}
{"name":"hexo","hostname":"yulongjundeMacBook-Pro.local","pid":4546,"level":20,"msg":"Processed: \u001b[35msource/images/cc-by-sa.svg\u001b[39m","time":"2016-04-06T12:53:24.553Z","v":0}
{"name":"hexo","hostname":"yulongjundeMacBook-Pro.local","pid":4546,"level":20,"msg":"Processed: \u001b[35msource/images/cc-by-nd.svg\u001b[39m","time":"2016-04-06T12:53:24.554Z","v":0}
{"name":"hexo","hostname":"yulongjundeMacBook-Pro.local","pid":4546,"level":20,"msg":"Processed: \u001b[35msource/images/cc-by-nc.svg\u001b[39m","time":"2016-04-06T12:53:24.554Z","v":0}
{"name":"hexo","hostname":"yulongjundeMacBook-Pro.local","pid":4546,"level":20,"msg":"Processed: \u001b[35msource/images/cc-by.svg\u001b[39m","time":"2016-04-06T12:53:24.555Z","v":0}
{"name":"hexo","hostname":"yulongjundeMacBook-Pro.local","pid":4546,"level":20,"msg":"Processed: \u001b[35msource/images/cc-zero.svg\u001b[39m","time":"2016-04-06T12:53:24.555Z","v":0}
{"name":"hexo","hostname":"yulongjundeMacBook-Pro.local","pid":4546,"level":20,"msg":"Processed: \u001b[35msource/images/loading.gif\u001b[39m","time":"2016-04-06T12:53:24.555Z","v":0}
{"name":"hexo","hostname":"yulongjundeMacBook-Pro.local","pid":4546,"level":20,"msg":"Processed: \u001b[35msource/images/placeholder.gif\u001b[39m","time":"2016-04-06T12:53:24.556Z","v":0}
{"name":"hexo","hostname":"yulongjundeMacBook-Pro.local","pid":4546,"level":20,"msg":"Processed: \u001b[35msource/images/quote-l.svg\u001b[39m","time":"2016-04-06T12:53:24.557Z","v":0}
{"name":"hexo","hostname":"yulongjundeMacBook-Pro.local","pid":4546,"level":20,"msg":"Processed: \u001b[35msource/images/quote-r.svg\u001b[39m","time":"2016-04-06T12:53:24.558Z","v":0}
{"name":"hexo","hostname":"yulongjundeMacBook-Pro.local","pid":4546,"level":20,"msg":"Processed: \u001b[35msource/images/searchicon.png\u001b[39m","time":"2016-04-06T12:53:24.558Z","v":0}
{"name":"hexo","hostname":"yulongjundeMacBook-Pro.local","pid":4546,"level":20,"msg":"Processed: \u001b[35mabout/index.md\u001b[39m","time":"2016-04-06T12:53:24.592Z","v":0}
{"name":"hexo","hostname":"yulongjundeMacBook-Pro.local","pid":4546,"level":20,"msg":"Processed: \u001b[35mcategories/index.md\u001b[39m","time":"2016-04-06T12:53:24.593Z","v":0}
{"name":"hexo","hostname":"yulongjundeMacBook-Pro.local","pid":4546,"level":20,"msg":"Processed: \u001b[35mimages/oop-class/1458398138439.png\u001b[39m","time":"2016-04-06T12:53:24.599Z","v":0}
{"name":"hexo","hostname":"yulongjundeMacBook-Pro.local","pid":4546,"level":20,"msg":"Processed: \u001b[35mimages/oop-class/1458452739839.png\u001b[39m","time":"2016-04-06T12:53:24.606Z","v":0}
{"name":"hexo","hostname":"yulongjundeMacBook-Pro.local","pid":4546,"level":20,"msg":"Processed: \u001b[35mimages/oop-class/1458465569217.png\u001b[39m","time":"2016-04-06T12:53:24.610Z","v":0}
{"name":"hexo","hostname":"yulongjundeMacBook-Pro.local","pid":4546,"level":20,"msg":"Processed: \u001b[35m_drafts/15-2-stack.md\u001b[39m","time":"2016-04-06T12:53:24.613Z","v":0}
{"name":"hexo","hostname":"yulongjundeMacBook-Pro.local","pid":4546,"level":20,"msg":"Processed: \u001b[35mimages/oop-class/1458467228460.png\u001b[39m","time":"2016-04-06T12:53:24.614Z","v":0}
{"name":"hexo","hostname":"yulongjundeMacBook-Pro.local","pid":4546,"level":20,"msg":"Processed: \u001b[35m_drafts/14-modularization.md\u001b[39m","time":"2016-04-06T12:53:24.619Z","v":0}
{"name":"hexo","hostname":"yulongjundeMacBook-Pro.local","pid":4546,"level":20,"msg":"Processed: \u001b[35mimages/oop-class/1458467267272.png\u001b[39m","time":"2016-04-06T12:53:24.619Z","v":0}
{"name":"hexo","hostname":"yulongjundeMacBook-Pro.local","pid":4546,"level":20,"msg":"Processed: \u001b[35m_drafts/15-4-tree.md\u001b[39m","time":"2016-04-06T12:53:24.622Z","v":0}
{"name":"hexo","hostname":"yulongjundeMacBook-Pro.local","pid":4546,"level":20,"msg":"Processed: \u001b[35mimages/oop-class/1458470472712.png\u001b[39m","time":"2016-04-06T12:53:24.622Z","v":0}
{"name":"hexo","hostname":"yulongjundeMacBook-Pro.local","pid":4546,"level":20,"msg":"Processed: \u001b[35m_drafts/15-5-heap.md\u001b[39m","time":"2016-04-06T12:53:24.624Z","v":0}
{"name":"hexo","hostname":"yulongjundeMacBook-Pro.local","pid":4546,"level":20,"msg":"Processed: \u001b[35mimages/oop-class/1458470507678.png\u001b[39m","time":"2016-04-06T12:53:24.626Z","v":0}
{"name":"hexo","hostname":"yulongjundeMacBook-Pro.local","pid":4546,"level":20,"msg":"Processed: \u001b[35m_drafts/12-oop-class.md\u001b[39m","time":"2016-04-06T12:53:24.628Z","v":0}
{"name":"hexo","hostname":"yulongjundeMacBook-Pro.local","pid":4546,"level":20,"msg":"Processed: \u001b[35mimages/oop-class/1458474701110.png\u001b[39m","time":"2016-04-06T12:53:24.629Z","v":0}
{"name":"hexo","hostname":"yulongjundeMacBook-Pro.local","pid":4546,"level":20,"msg":"Processed: \u001b[35m_drafts/15-3-hash.md\u001b[39m","time":"2016-04-06T12:53:24.632Z","v":0}
{"name":"hexo","hostname":"yulongjundeMacBook-Pro.local","pid":4546,"level":20,"msg":"Processed: \u001b[35mimages/oop-class/1458476833430.png\u001b[39m","time":"2016-04-06T12:53:24.632Z","v":0}
{"name":"hexo","hostname":"yulongjundeMacBook-Pro.local","pid":4546,"level":20,"msg":"Processed: \u001b[35m_posts/01-readbook.md\u001b[39m","time":"2016-04-06T12:53:24.637Z","v":0}
{"name":"hexo","hostname":"yulongjundeMacBook-Pro.local","pid":4546,"level":20,"msg":"Processed: \u001b[35mimages/oop-class/1458479255343.png\u001b[39m","time":"2016-04-06T12:53:24.638Z","v":0}
{"name":"hexo","hostname":"yulongjundeMacBook-Pro.local","pid":4546,"level":20,"msg":"Processed: \u001b[35m_drafts/15-1-singly-linked-list.md\u001b[39m","time":"2016-04-06T12:53:24.639Z","v":0}
{"name":"hexo","hostname":"yulongjundeMacBook-Pro.local","pid":4546,"level":20,"msg":"Processed: \u001b[35mimages/oop-class/1458482149593.png\u001b[39m","time":"2016-04-06T12:53:24.640Z","v":0}
{"name":"hexo","hostname":"yulongjundeMacBook-Pro.local","pid":4546,"level":20,"msg":"Processed: \u001b[35mimages/oop-class/1458482401531.png\u001b[39m","time":"2016-04-06T12:53:24.644Z","v":0}
{"name":"hexo","hostname":"yulongjundeMacBook-Pro.local","pid":4546,"level":20,"msg":"Processed: \u001b[35m_posts/00-contents.md\u001b[39m","time":"2016-04-06T12:53:24.645Z","v":0}
{"name":"hexo","hostname":"yulongjundeMacBook-Pro.local","pid":4546,"level":20,"msg":"Processed: \u001b[35m_drafts/13-exceptions.md\u001b[39m","time":"2016-04-06T12:53:24.648Z","v":0}
{"name":"hexo","hostname":"yulongjundeMacBook-Pro.local","pid":4546,"level":20,"msg":"Processed: \u001b[35mimages/oop-class/1458740152824.png\u001b[39m","time":"2016-04-06T12:53:24.649Z","v":0}
{"name":"hexo","hostname":"yulongjundeMacBook-Pro.local","pid":4546,"level":20,"msg":"Processed: \u001b[35mimages/oop-class/1458746655171.png\u001b[39m","time":"2016-04-06T12:53:24.653Z","v":0}
{"name":"hexo","hostname":"yulongjundeMacBook-Pro.local","pid":4546,"level":20,"msg":"Processed: \u001b[35m_posts/02-pyenv.md\u001b[39m","time":"2016-04-06T12:53:24.663Z","v":0}
{"name":"hexo","hostname":"yulongjundeMacBook-Pro.local","pid":4546,"level":20,"msg":"Processed: \u001b[35m_posts/03-numbers.md\u001b[39m","time":"2016-04-06T12:53:24.666Z","v":0}
{"name":"hexo","hostname":"yulongjundeMacBook-Pro.local","pid":4546,"level":20,"msg":"Processed: \u001b[35m_posts/05-lists.md\u001b[39m","time":"2016-04-06T12:53:24.667Z","v":0}
{"name":"hexo","hostname":"yulongjundeMacBook-Pro.local","pid":4546,"level":20,"msg":"Processed: \u001b[35m_posts/11-functions.md\u001b[39m","time":"2016-04-06T12:53:24.668Z","v":0}
{"name":"hexo","hostname":"yulongjundeMacBook-Pro.local","pid":4546,"level":20,"msg":"Processed: \u001b[35m_posts/04-strings.md\u001b[39m","time":"2016-04-06T12:53:24.668Z","v":0}
{"name":"hexo","hostname":"yulongjundeMacBook-Pro.local","pid":4546,"level":20,"msg":"Processed: \u001b[35m_posts/06-tuples.md\u001b[39m","time":"2016-04-06T12:53:24.669Z","v":0}
{"name":"hexo","hostname":"yulongjundeMacBook-Pro.local","pid":4546,"level":20,"msg":"Processed: \u001b[35m_posts/08-sets.md\u001b[39m","time":"2016-04-06T12:53:24.671Z","v":0}
{"name":"hexo","hostname":"yulongjundeMacBook-Pro.local","pid":4546,"level":20,"msg":"Processed: \u001b[35m_posts/07-dicts.md\u001b[39m","time":"2016-04-06T12:53:24.672Z","v":0}
{"name":"hexo","hostname":"yulongjundeMacBook-Pro.local","pid":4546,"level":20,"msg":"Processed: \u001b[35m_posts/09-comprehensions.md\u001b[39m","time":"2016-04-06T12:53:24.673Z","v":0}
{"name":"hexo","hostname":"yulongjundeMacBook-Pro.local","pid":4546,"level":20,"msg":"Processed: \u001b[35m_posts/10-yield.md\u001b[39m","time":"2016-04-06T12:53:24.674Z","v":0}
{"name":"hexo","hostname":"yulongjundeMacBook-Pro.local","pid":4546,"level":20,"msg":"Processed: \u001b[35m_posts/git-Github.md\u001b[39m","time":"2016-04-06T12:53:24.674Z","v":0}
{"name":"hexo","hostname":"yulongjundeMacBook-Pro.local","pid":4546,"level":20,"msg":"Processed: \u001b[35mlayout/_layout.swig\u001b[39m","time":"2016-04-06T12:53:24.804Z","v":0}
{"name":"hexo","hostname":"yulongjundeMacBook-Pro.local","pid":4546,"level":20,"msg":"Processed: \u001b[35mlayout/archive.swig\u001b[39m","time":"2016-04-06T12:53:24.804Z","v":0}
{"name":"hexo","hostname":"yulongjundeMacBook-Pro.local","pid":4546,"level":20,"msg":"Processed: \u001b[35mlayout/category.swig\u001b[39m","time":"2016-04-06T12:53:24.804Z","v":0}
{"name":"hexo","hostname":"yulongjundeMacBook-Pro.local","pid":4546,"level":20,"msg":"Processed: \u001b[35mlayout/index.swig\u001b[39m","time":"2016-04-06T12:53:24.804Z","v":0}
{"name":"hexo","hostname":"yulongjundeMacBook-Pro.local","pid":4546,"level":20,"msg":"Processed: \u001b[35mlayout/page.swig\u001b[39m","time":"2016-04-06T12:53:24.804Z","v":0}
{"name":"hexo","hostname":"yulongjundeMacBook-Pro.local","pid":4546,"level":20,"msg":"Processed: \u001b[35mlayout/post.swig\u001b[39m","time":"2016-04-06T12:53:24.804Z","v":0}
{"name":"hexo","hostname":"yulongjundeMacBook-Pro.local","pid":4546,"level":20,"msg":"Processed: \u001b[35mlayout/tag.swig\u001b[39m","time":"2016-04-06T12:53:24.804Z","v":0}
{"name":"hexo","hostname":"yulongjundeMacBook-Pro.local","pid":4546,"level":20,"msg":"Processed: \u001b[35mtags/index.md\u001b[39m","time":"2016-04-06T12:53:24.815Z","v":0}
{"name":"hexo","hostname":"yulongjundeMacBook-Pro.local","pid":4546,"level":20,"msg":"Processed: \u001b[35mlanguages/.DS_Store\u001b[39m","time":"2016-04-06T12:53:24.815Z","v":0}
{"name":"hexo","hostname":"yulongjundeMacBook-Pro.local","pid":4546,"level":20,"msg":"Processed: \u001b[35mlanguages/de.yml\u001b[39m","time":"2016-04-06T12:53:24.815Z","v":0}
{"name":"hexo","hostname":"yulongjundeMacBook-Pro.local","pid":4546,"level":20,"msg":"Processed: \u001b[35mlanguages/default.yml\u001b[39m","time":"2016-04-06T12:53:24.815Z","v":0}
{"name":"hexo","hostname":"yulongjundeMacBook-Pro.local","pid":4546,"level":20,"msg":"Processed: \u001b[35mlanguages/en.yml\u001b[39m","time":"2016-04-06T12:53:24.815Z","v":0}
{"name":"hexo","hostname":"yulongjundeMacBook-Pro.local","pid":4546,"level":20,"msg":"Processed: \u001b[35mlanguages/fr-FR.yml\u001b[39m","time":"2016-04-06T12:53:24.815Z","v":0}
{"name":"hexo","hostname":"yulongjundeMacBook-Pro.local","pid":4546,"level":20,"msg":"Processed: \u001b[35mlanguages/ja.yml\u001b[39m","time":"2016-04-06T12:53:24.815Z","v":0}
{"name":"hexo","hostname":"yulongjundeMacBook-Pro.local","pid":4546,"level":20,"msg":"Processed: \u001b[35mlanguages/pt.yml\u001b[39m","time":"2016-04-06T12:53:24.815Z","v":0}
{"name":"hexo","hostname":"yulongjundeMacBook-Pro.local","pid":4546,"level":20,"msg":"Processed: \u001b[35mlanguages/ru.yml\u001b[39m","time":"2016-04-06T12:53:24.816Z","v":0}
{"name":"hexo","hostname":"yulongjundeMacBook-Pro.local","pid":4546,"level":20,"msg":"Processed: \u001b[35mlanguages/zh-Hans.yml\u001b[39m","time":"2016-04-06T12:53:24.816Z","v":0}
{"name":"hexo","hostname":"yulongjundeMacBook-Pro.local","pid":4546,"level":20,"msg":"Processed: \u001b[35mlanguages/zh-hk.yml\u001b[39m","time":"2016-04-06T12:53:24.816Z","v":0}
{"name":"hexo","hostname":"yulongjundeMacBook-Pro.local","pid":4546,"level":20,"msg":"Processed: \u001b[35mlanguages/zh-tw.yml\u001b[39m","time":"2016-04-06T12:53:24.816Z","v":0}
{"name":"hexo","hostname":"yulongjundeMacBook-Pro.local","pid":4546,"level":20,"msg":"Processed: \u001b[35mimages/git-github/1.png\u001b[39m","time":"2016-04-06T12:53:24.817Z","v":0}
{"name":"hexo","hostname":"yulongjundeMacBook-Pro.local","pid":4546,"level":20,"msg":"Processed: \u001b[35mimages/oop-class/1458396107768.png\u001b[39m","time":"2016-04-06T12:53:24.817Z","v":0}
{"name":"hexo","hostname":"yulongjundeMacBook-Pro.local","pid":4546,"level":20,"msg":"Processed: \u001b[35mimages/oop-class/1458396171470.png\u001b[39m","time":"2016-04-06T12:53:24.818Z","v":0}
{"name":"hexo","hostname":"yulongjundeMacBook-Pro.local","pid":4546,"level":20,"msg":"Processed: \u001b[35mimages/oop-class/1458396136514.png\u001b[39m","time":"2016-04-06T12:53:24.818Z","v":0}
{"name":"hexo","hostname":"yulongjundeMacBook-Pro.local","pid":4546,"level":20,"msg":"Processed: \u001b[35mimages/oop-class/1458400823618.png\u001b[39m","time":"2016-04-06T12:53:24.819Z","v":0}
{"name":"hexo","hostname":"yulongjundeMacBook-Pro.local","pid":4546,"level":20,"msg":"Processed: \u001b[35mimages/oop-class/1458462102480.png\u001b[39m","time":"2016-04-06T12:53:24.819Z","v":0}
{"name":"hexo","hostname":"yulongjundeMacBook-Pro.local","pid":4546,"level":20,"msg":"Processed: \u001b[35mimages/oop-class/1458740926436.png\u001b[39m","time":"2016-04-06T12:53:24.819Z","v":0}
{"name":"hexo","hostname":"yulongjundeMacBook-Pro.local","pid":4546,"level":20,"msg":"Processed: \u001b[35msource/js/src/affix.js\u001b[39m","time":"2016-04-06T12:53:24.822Z","v":0}
{"name":"hexo","hostname":"yulongjundeMacBook-Pro.local","pid":4546,"level":20,"msg":"Processed: \u001b[35msource/js/src/bootstrap.js\u001b[39m","time":"2016-04-06T12:53:24.823Z","v":0}
{"name":"hexo","hostname":"yulongjundeMacBook-Pro.local","pid":4546,"level":20,"msg":"Processed: \u001b[35msource/js/src/hook-duoshuo.js\u001b[39m","time":"2016-04-06T12:53:24.823Z","v":0}
{"name":"hexo","hostname":"yulongjundeMacBook-Pro.local","pid":4546,"level":20,"msg":"Processed: \u001b[35msource/js/src/motion.js\u001b[39m","time":"2016-04-06T12:53:24.824Z","v":0}
{"name":"hexo","hostname":"yulongjundeMacBook-Pro.local","pid":4546,"level":20,"msg":"Processed: \u001b[35msource/js/src/post-details.js\u001b[39m","time":"2016-04-06T12:53:24.824Z","v":0}
{"name":"hexo","hostname":"yulongjundeMacBook-Pro.local","pid":4546,"level":20,"msg":"Processed: \u001b[35msource/js/src/scrollspy.js\u001b[39m","time":"2016-04-06T12:53:24.824Z","v":0}
{"name":"hexo","hostname":"yulongjundeMacBook-Pro.local","pid":4546,"level":20,"msg":"Processed: \u001b[35msource/js/src/utils.js\u001b[39m","time":"2016-04-06T12:53:24.825Z","v":0}
{"name":"hexo","hostname":"yulongjundeMacBook-Pro.local","pid":4546,"level":20,"msg":"Processed: \u001b[35msource/vendors/fastclick/LICENSE\u001b[39m","time":"2016-04-06T12:53:24.826Z","v":0}
{"name":"hexo","hostname":"yulongjundeMacBook-Pro.local","pid":4546,"level":20,"msg":"Processed: \u001b[35msource/vendors/fastclick/README.md\u001b[39m","time":"2016-04-06T12:53:24.826Z","v":0}
{"name":"hexo","hostname":"yulongjundeMacBook-Pro.local","pid":4546,"level":20,"msg":"Processed: \u001b[35msource/vendors/fastclick/bower.json\u001b[39m","time":"2016-04-06T12:53:24.826Z","v":0}
{"name":"hexo","hostname":"yulongjundeMacBook-Pro.local","pid":4546,"level":20,"msg":"Processed: \u001b[35msource/vendors/font-awesome/HELP-US-OUT.txt\u001b[39m","time":"2016-04-06T12:53:24.827Z","v":0}
{"name":"hexo","hostname":"yulongjundeMacBook-Pro.local","pid":4546,"level":20,"msg":"Processed: \u001b[35msource/vendors/font-awesome/bower.json\u001b[39m","time":"2016-04-06T12:53:24.827Z","v":0}
{"name":"hexo","hostname":"yulongjundeMacBook-Pro.local","pid":4546,"level":20,"msg":"Processed: \u001b[35msource/vendors/font-cn/style.css\u001b[39m","time":"2016-04-06T12:53:24.828Z","v":0}
{"name":"hexo","hostname":"yulongjundeMacBook-Pro.local","pid":4546,"level":20,"msg":"Processed: \u001b[35msource/vendors/jquery_lazyload/README.md\u001b[39m","time":"2016-04-06T12:53:24.828Z","v":0}
{"name":"hexo","hostname":"yulongjundeMacBook-Pro.local","pid":4546,"level":20,"msg":"Processed: \u001b[35msource/vendors/jquery_lazyload/CONTRIBUTING.md\u001b[39m","time":"2016-04-06T12:53:24.828Z","v":0}
{"name":"hexo","hostname":"yulongjundeMacBook-Pro.local","pid":4546,"level":20,"msg":"Processed: \u001b[35msource/vendors/jquery_lazyload/bower.json\u001b[39m","time":"2016-04-06T12:53:24.829Z","v":0}
{"name":"hexo","hostname":"yulongjundeMacBook-Pro.local","pid":4546,"level":20,"msg":"Processed: \u001b[35msource/vendors/jquery_lazyload/jquery.lazyload.js\u001b[39m","time":"2016-04-06T12:53:24.830Z","v":0}
{"name":"hexo","hostname":"yulongjundeMacBook-Pro.local","pid":4546,"level":20,"msg":"Processed: \u001b[35msource/vendors/jquery_lazyload/jquery.scrollstop.js\u001b[39m","time":"2016-04-06T12:53:24.830Z","v":0}
{"name":"hexo","hostname":"yulongjundeMacBook-Pro.local","pid":4546,"level":20,"msg":"Processed: \u001b[35msource/vendors/velocity/bower.json\u001b[39m","time":"2016-04-06T12:53:24.830Z","v":0}
{"name":"hexo","hostname":"yulongjundeMacBook-Pro.local","pid":4546,"level":20,"msg":"Processed: \u001b[35msource/vendors/velocity/velocity.ui.js\u001b[39m","time":"2016-04-06T12:53:24.830Z","v":0}
{"name":"hexo","hostname":"yulongjundeMacBook-Pro.local","pid":4546,"level":20,"msg":"Processed: \u001b[35msource/vendors/velocity/velocity.ui.min.js\u001b[39m","time":"2016-04-06T12:53:24.830Z","v":0}
{"name":"hexo","hostname":"yulongjundeMacBook-Pro.local","pid":4546,"level":20,"msg":"Processed: \u001b[35msource/vendors/velocity/velocity.min.js\u001b[39m","time":"2016-04-06T12:53:24.831Z","v":0}
{"name":"hexo","hostname":"yulongjundeMacBook-Pro.local","pid":4546,"level":20,"msg":"Processed: \u001b[35msource/vendors/jquery/index.js\u001b[39m","time":"2016-04-06T12:53:24.837Z","v":0}
{"name":"hexo","hostname":"yulongjundeMacBook-Pro.local","pid":4546,"level":20,"msg":"Processed: \u001b[35mlayout/_macro/post-collapse.swig\u001b[39m","time":"2016-04-06T12:53:24.874Z","v":0}
{"name":"hexo","hostname":"yulongjundeMacBook-Pro.local","pid":4546,"level":20,"msg":"Processed: \u001b[35mlayout/_macro/post.swig\u001b[39m","time":"2016-04-06T12:53:24.874Z","v":0}
{"name":"hexo","hostname":"yulongjundeMacBook-Pro.local","pid":4546,"level":20,"msg":"Processed: \u001b[35mlayout/_macro/reward.swig\u001b[39m","time":"2016-04-06T12:53:24.874Z","v":0}
{"name":"hexo","hostname":"yulongjundeMacBook-Pro.local","pid":4546,"level":20,"msg":"Processed: \u001b[35mlayout/_macro/sidebar.swig\u001b[39m","time":"2016-04-06T12:53:24.874Z","v":0}
{"name":"hexo","hostname":"yulongjundeMacBook-Pro.local","pid":4546,"level":20,"msg":"Processed: \u001b[35mlayout/_macro/wechat-subscriber.swig\u001b[39m","time":"2016-04-06T12:53:24.874Z","v":0}
{"name":"hexo","hostname":"yulongjundeMacBook-Pro.local","pid":4546,"level":20,"msg":"Processed: \u001b[35mlayout/_partials/comments.swig\u001b[39m","time":"2016-04-06T12:53:24.874Z","v":0}
{"name":"hexo","hostname":"yulongjundeMacBook-Pro.local","pid":4546,"level":20,"msg":"Processed: \u001b[35mlayout/_partials/duoshuo-hot-articles.swig\u001b[39m","time":"2016-04-06T12:53:24.874Z","v":0}
{"name":"hexo","hostname":"yulongjundeMacBook-Pro.local","pid":4546,"level":20,"msg":"Processed: \u001b[35mlayout/_partials/footer.swig\u001b[39m","time":"2016-04-06T12:53:24.875Z","v":0}
{"name":"hexo","hostname":"yulongjundeMacBook-Pro.local","pid":4546,"level":20,"msg":"Processed: \u001b[35mlayout/_partials/head.swig\u001b[39m","time":"2016-04-06T12:53:24.875Z","v":0}
{"name":"hexo","hostname":"yulongjundeMacBook-Pro.local","pid":4546,"level":20,"msg":"Processed: \u001b[35mlayout/_partials/header.swig\u001b[39m","time":"2016-04-06T12:53:24.875Z","v":0}
{"name":"hexo","hostname":"yulongjundeMacBook-Pro.local","pid":4546,"level":20,"msg":"Processed: \u001b[35mlayout/_partials/pagination.swig\u001b[39m","time":"2016-04-06T12:53:24.875Z","v":0}
{"name":"hexo","hostname":"yulongjundeMacBook-Pro.local","pid":4546,"level":20,"msg":"Processed: \u001b[35mlayout/_partials/search.swig\u001b[39m","time":"2016-04-06T12:53:24.875Z","v":0}
{"name":"hexo","hostname":"yulongjundeMacBook-Pro.local","pid":4546,"level":20,"msg":"Processed: \u001b[35mlayout/_scripts/baidu-push.swig\u001b[39m","time":"2016-04-06T12:53:24.875Z","v":0}
{"name":"hexo","hostname":"yulongjundeMacBook-Pro.local","pid":4546,"level":20,"msg":"Processed: \u001b[35mlayout/_scripts/boostrap.swig\u001b[39m","time":"2016-04-06T12:53:24.875Z","v":0}
{"name":"hexo","hostname":"yulongjundeMacBook-Pro.local","pid":4546,"level":20,"msg":"Processed: \u001b[35mlayout/_scripts/commons.swig\u001b[39m","time":"2016-04-06T12:53:24.875Z","v":0}
{"name":"hexo","hostname":"yulongjundeMacBook-Pro.local","pid":4546,"level":20,"msg":"Processed: \u001b[35mlayout/_scripts/vendors.swig\u001b[39m","time":"2016-04-06T12:53:24.875Z","v":0}
{"name":"hexo","hostname":"yulongjundeMacBook-Pro.local","pid":4546,"level":20,"msg":"Processed: \u001b[35msource/js/src/schemes/pisces.js\u001b[39m","time":"2016-04-06T12:53:24.884Z","v":0}
{"name":"hexo","hostname":"yulongjundeMacBook-Pro.local","pid":4546,"level":20,"msg":"Processed: \u001b[35msource/vendors/fancybox/source/blank.gif\u001b[39m","time":"2016-04-06T12:53:24.884Z","v":0}
{"name":"hexo","hostname":"yulongjundeMacBook-Pro.local","pid":4546,"level":20,"msg":"Processed: \u001b[35msource/vendors/fancybox/source/fancybox_loading.gif\u001b[39m","time":"2016-04-06T12:53:24.884Z","v":0}
{"name":"hexo","hostname":"yulongjundeMacBook-Pro.local","pid":4546,"level":20,"msg":"Processed: \u001b[35msource/vendors/fancybox/source/fancybox_overlay.png\u001b[39m","time":"2016-04-06T12:53:24.884Z","v":0}
{"name":"hexo","hostname":"yulongjundeMacBook-Pro.local","pid":4546,"level":20,"msg":"Processed: \u001b[35msource/vendors/fancybox/source/fancybox_loading@2x.gif\u001b[39m","time":"2016-04-06T12:53:24.885Z","v":0}
{"name":"hexo","hostname":"yulongjundeMacBook-Pro.local","pid":4546,"level":20,"msg":"Processed: \u001b[35msource/vendors/fancybox/source/fancybox_sprite.png\u001b[39m","time":"2016-04-06T12:53:24.885Z","v":0}
{"name":"hexo","hostname":"yulongjundeMacBook-Pro.local","pid":4546,"level":20,"msg":"Processed: \u001b[35msource/vendors/fancybox/source/fancybox_sprite@2x.png\u001b[39m","time":"2016-04-06T12:53:24.885Z","v":0}
{"name":"hexo","hostname":"yulongjundeMacBook-Pro.local","pid":4546,"level":20,"msg":"Processed: \u001b[35msource/vendors/fancybox/source/jquery.fancybox.css\u001b[39m","time":"2016-04-06T12:53:24.886Z","v":0}
{"name":"hexo","hostname":"yulongjundeMacBook-Pro.local","pid":4546,"level":20,"msg":"Processed: \u001b[35msource/vendors/fancybox/source/jquery.fancybox.pack.js\u001b[39m","time":"2016-04-06T12:53:24.886Z","v":0}
{"name":"hexo","hostname":"yulongjundeMacBook-Pro.local","pid":4546,"level":20,"msg":"Processed: \u001b[35msource/vendors/fancybox/source/jquery.fancybox.js\u001b[39m","time":"2016-04-06T12:53:24.886Z","v":0}
{"name":"hexo","hostname":"yulongjundeMacBook-Pro.local","pid":4546,"level":20,"msg":"Processed: \u001b[35msource/vendors/fastclick/lib/fastclick.min.js\u001b[39m","time":"2016-04-06T12:53:24.886Z","v":0}
{"name":"hexo","hostname":"yulongjundeMacBook-Pro.local","pid":4546,"level":20,"msg":"Processed: \u001b[35msource/vendors/fastclick/lib/fastclick.js\u001b[39m","time":"2016-04-06T12:53:24.886Z","v":0}
{"name":"hexo","hostname":"yulongjundeMacBook-Pro.local","pid":4546,"level":20,"msg":"Processed: \u001b[35msource/vendors/font-awesome/css/font-awesome.css\u001b[39m","time":"2016-04-06T12:53:24.887Z","v":0}
{"name":"hexo","hostname":"yulongjundeMacBook-Pro.local","pid":4546,"level":20,"msg":"Processed: \u001b[35msource/vendors/font-awesome/fonts/fontawesome-webfont.woff2\u001b[39m","time":"2016-04-06T12:53:24.887Z","v":0}
{"name":"hexo","hostname":"yulongjundeMacBook-Pro.local","pid":4546,"level":20,"msg":"Processed: \u001b[35msource/vendors/font-awesome/css/font-awesome.min.css\u001b[39m","time":"2016-04-06T12:53:24.887Z","v":0}
{"name":"hexo","hostname":"yulongjundeMacBook-Pro.local","pid":4546,"level":20,"msg":"Processed: \u001b[35msource/vendors/font-awesome/css/font-awesome.css.map\u001b[39m","time":"2016-04-06T12:53:24.887Z","v":0}
{"name":"hexo","hostname":"yulongjundeMacBook-Pro.local","pid":4546,"level":20,"msg":"Processed: \u001b[35msource/vendors/ua-parser-js/dist/ua-parser.min.js\u001b[39m","time":"2016-04-06T12:53:24.887Z","v":0}
{"name":"hexo","hostname":"yulongjundeMacBook-Pro.local","pid":4546,"level":20,"msg":"Processed: \u001b[35msource/vendors/ua-parser-js/dist/ua-parser.pack.js\u001b[39m","time":"2016-04-06T12:53:24.888Z","v":0}
{"name":"hexo","hostname":"yulongjundeMacBook-Pro.local","pid":4546,"level":20,"msg":"Processed: \u001b[35mlayout/_scripts/schemes/muse.swig\u001b[39m","time":"2016-04-06T12:53:24.898Z","v":0}
{"name":"hexo","hostname":"yulongjundeMacBook-Pro.local","pid":4546,"level":20,"msg":"Processed: \u001b[35mlayout/_scripts/schemes/mist.swig\u001b[39m","time":"2016-04-06T12:53:24.898Z","v":0}
{"name":"hexo","hostname":"yulongjundeMacBook-Pro.local","pid":4546,"level":20,"msg":"Processed: \u001b[35msource/vendors/font-awesome/fonts/FontAwesome.otf\u001b[39m","time":"2016-04-06T12:53:24.900Z","v":0}
{"name":"hexo","hostname":"yulongjundeMacBook-Pro.local","pid":4546,"level":20,"msg":"Processed: \u001b[35msource/vendors/font-awesome/fonts/fontawesome-webfont.eot\u001b[39m","time":"2016-04-06T12:53:24.900Z","v":0}
{"name":"hexo","hostname":"yulongjundeMacBook-Pro.local","pid":4546,"level":20,"msg":"Processed: \u001b[35msource/vendors/font-awesome/fonts/fontawesome-webfont.woff\u001b[39m","time":"2016-04-06T12:53:24.901Z","v":0}
{"name":"hexo","hostname":"yulongjundeMacBook-Pro.local","pid":4546,"level":20,"msg":"Processed: \u001b[35msource/vendors/font-cn/fonts/NViconsLib2.eot\u001b[39m","time":"2016-04-06T12:53:24.901Z","v":0}
{"name":"hexo","hostname":"yulongjundeMacBook-Pro.local","pid":4546,"level":20,"msg":"Processed: \u001b[35msource/vendors/font-cn/fonts/NViconsLib2.ttf\u001b[39m","time":"2016-04-06T12:53:24.901Z","v":0}
{"name":"hexo","hostname":"yulongjundeMacBook-Pro.local","pid":4546,"level":20,"msg":"Processed: \u001b[35msource/vendors/font-cn/fonts/NViconsLib2.woff\u001b[39m","time":"2016-04-06T12:53:24.901Z","v":0}
{"name":"hexo","hostname":"yulongjundeMacBook-Pro.local","pid":4546,"level":20,"msg":"Processed: \u001b[35msource/vendors/velocity/velocity.js\u001b[39m","time":"2016-04-06T12:53:24.901Z","v":0}
{"name":"hexo","hostname":"yulongjundeMacBook-Pro.local","pid":4546,"level":20,"msg":"Processed: \u001b[35mlayout/_partials/search/localsearch.swig\u001b[39m","time":"2016-04-06T12:53:24.914Z","v":0}
{"name":"hexo","hostname":"yulongjundeMacBook-Pro.local","pid":4546,"level":20,"msg":"Processed: \u001b[35mlayout/_partials/search/swiftype.swig\u001b[39m","time":"2016-04-06T12:53:24.914Z","v":0}
{"name":"hexo","hostname":"yulongjundeMacBook-Pro.local","pid":4546,"level":20,"msg":"Processed: \u001b[35mlayout/_partials/search/tinysou.swig\u001b[39m","time":"2016-04-06T12:53:24.914Z","v":0}
{"name":"hexo","hostname":"yulongjundeMacBook-Pro.local","pid":4546,"level":20,"msg":"Processed: \u001b[35mlayout/_partials/share/add-this.swig\u001b[39m","time":"2016-04-06T12:53:24.914Z","v":0}
{"name":"hexo","hostname":"yulongjundeMacBook-Pro.local","pid":4546,"level":20,"msg":"Processed: \u001b[35mlayout/_partials/share/baidushare.swig\u001b[39m","time":"2016-04-06T12:53:24.914Z","v":0}
{"name":"hexo","hostname":"yulongjundeMacBook-Pro.local","pid":4546,"level":20,"msg":"Processed: \u001b[35mlayout/_partials/share/duoshuo_share.swig\u001b[39m","time":"2016-04-06T12:53:24.914Z","v":0}
{"name":"hexo","hostname":"yulongjundeMacBook-Pro.local","pid":4546,"level":20,"msg":"Processed: \u001b[35mlayout/_scripts/pages/post-details.swig\u001b[39m","time":"2016-04-06T12:53:24.914Z","v":0}
{"name":"hexo","hostname":"yulongjundeMacBook-Pro.local","pid":4546,"level":20,"msg":"Processed: \u001b[35mlayout/_partials/share/jiathis.swig\u001b[39m","time":"2016-04-06T12:53:24.914Z","v":0}
{"name":"hexo","hostname":"yulongjundeMacBook-Pro.local","pid":4546,"level":20,"msg":"Processed: \u001b[35mlayout/_scripts/schemes/pisces.swig\u001b[39m","time":"2016-04-06T12:53:24.914Z","v":0}
{"name":"hexo","hostname":"yulongjundeMacBook-Pro.local","pid":4546,"level":20,"msg":"Processed: \u001b[35mlayout/_scripts/third-party/analytics.swig\u001b[39m","time":"2016-04-06T12:53:24.914Z","v":0}
{"name":"hexo","hostname":"yulongjundeMacBook-Pro.local","pid":4546,"level":20,"msg":"Processed: \u001b[35mlayout/_scripts/third-party/comments.swig\u001b[39m","time":"2016-04-06T12:53:24.914Z","v":0}
{"name":"hexo","hostname":"yulongjundeMacBook-Pro.local","pid":4546,"level":20,"msg":"Processed: \u001b[35mlayout/_scripts/third-party/lean-analytics.swig\u001b[39m","time":"2016-04-06T12:53:24.914Z","v":0}
{"name":"hexo","hostname":"yulongjundeMacBook-Pro.local","pid":4546,"level":20,"msg":"Processed: \u001b[35mlayout/_scripts/third-party/localsearch.swig\u001b[39m","time":"2016-04-06T12:53:24.914Z","v":0}
{"name":"hexo","hostname":"yulongjundeMacBook-Pro.local","pid":4546,"level":20,"msg":"Processed: \u001b[35mlayout/_scripts/third-party/mathjax.swig\u001b[39m","time":"2016-04-06T12:53:24.914Z","v":0}
{"name":"hexo","hostname":"yulongjundeMacBook-Pro.local","pid":4546,"level":20,"msg":"Processed: \u001b[35mlayout/_scripts/third-party/tinysou.swig\u001b[39m","time":"2016-04-06T12:53:24.915Z","v":0}
{"name":"hexo","hostname":"yulongjundeMacBook-Pro.local","pid":4546,"level":20,"msg":"Processed: \u001b[35msource/vendors/fancybox/source/helpers/fancybox_buttons.png\u001b[39m","time":"2016-04-06T12:53:24.921Z","v":0}
{"name":"hexo","hostname":"yulongjundeMacBook-Pro.local","pid":4546,"level":20,"msg":"Processed: \u001b[35msource/vendors/fancybox/source/helpers/jquery.fancybox-buttons.css\u001b[39m","time":"2016-04-06T12:53:24.921Z","v":0}
{"name":"hexo","hostname":"yulongjundeMacBook-Pro.local","pid":4546,"level":20,"msg":"Processed: \u001b[35msource/vendors/fancybox/source/helpers/jquery.fancybox-buttons.js\u001b[39m","time":"2016-04-06T12:53:24.922Z","v":0}
{"name":"hexo","hostname":"yulongjundeMacBook-Pro.local","pid":4546,"level":20,"msg":"Processed: \u001b[35msource/vendors/fancybox/source/helpers/jquery.fancybox-media.js\u001b[39m","time":"2016-04-06T12:53:24.922Z","v":0}
{"name":"hexo","hostname":"yulongjundeMacBook-Pro.local","pid":4546,"level":20,"msg":"Processed: \u001b[35msource/vendors/fancybox/source/helpers/jquery.fancybox-thumbs.css\u001b[39m","time":"2016-04-06T12:53:24.922Z","v":0}
{"name":"hexo","hostname":"yulongjundeMacBook-Pro.local","pid":4546,"level":20,"msg":"Processed: \u001b[35msource/vendors/fancybox/source/helpers/jquery.fancybox-thumbs.js\u001b[39m","time":"2016-04-06T12:53:24.922Z","v":0}
{"name":"hexo","hostname":"yulongjundeMacBook-Pro.local","pid":4546,"level":20,"msg":"Processed: \u001b[35msource/vendors/font-awesome/fonts/fontawesome-webfont.ttf\u001b[39m","time":"2016-04-06T12:53:24.922Z","v":0}
{"name":"hexo","hostname":"yulongjundeMacBook-Pro.local","pid":4546,"level":20,"msg":"Processed: \u001b[35mlayout/_scripts/third-party/analytics/baidu-analytics.swig\u001b[39m","time":"2016-04-06T12:53:24.930Z","v":0}
{"name":"hexo","hostname":"yulongjundeMacBook-Pro.local","pid":4546,"level":20,"msg":"Processed: \u001b[35mlayout/_scripts/third-party/analytics/facebook-sdk.swig\u001b[39m","time":"2016-04-06T12:53:24.930Z","v":0}
{"name":"hexo","hostname":"yulongjundeMacBook-Pro.local","pid":4546,"level":20,"msg":"Processed: \u001b[35mlayout/_scripts/third-party/analytics/cnzz-analytics.swig\u001b[39m","time":"2016-04-06T12:53:24.931Z","v":0}
{"name":"hexo","hostname":"yulongjundeMacBook-Pro.local","pid":4546,"level":20,"msg":"Processed: \u001b[35mlayout/_scripts/third-party/analytics/google-analytics.swig\u001b[39m","time":"2016-04-06T12:53:24.931Z","v":0}
{"name":"hexo","hostname":"yulongjundeMacBook-Pro.local","pid":4546,"level":20,"msg":"Processed: \u001b[35mlayout/_scripts/third-party/analytics/tencent-analytics.swig\u001b[39m","time":"2016-04-06T12:53:24.931Z","v":0}
{"name":"hexo","hostname":"yulongjundeMacBook-Pro.local","pid":4546,"level":20,"msg":"Processed: \u001b[35mlayout/_scripts/third-party/comments/disqus.swig\u001b[39m","time":"2016-04-06T12:53:24.931Z","v":0}
{"name":"hexo","hostname":"yulongjundeMacBook-Pro.local","pid":4546,"level":20,"msg":"Processed: \u001b[35mlayout/_scripts/third-party/comments/duoshuo.swig\u001b[39m","time":"2016-04-06T12:53:24.931Z","v":0}
{"name":"hexo","hostname":"yulongjundeMacBook-Pro.local","pid":4546,"level":20,"msg":"Processed: \u001b[35msource/vendors/font-cn/selection.json\u001b[39m","time":"2016-04-06T12:53:24.932Z","v":0}
{"name":"hexo","hostname":"yulongjundeMacBook-Pro.local","pid":4546,"level":20,"msg":"Processed: \u001b[35msource/vendors/font-awesome/fonts/fontawesome-webfont.svg\u001b[39m","time":"2016-04-06T12:53:24.932Z","v":0}
{"name":"hexo","hostname":"yulongjundeMacBook-Pro.local","pid":4546,"level":20,"msg":"Processed: \u001b[35msource/vendors/font-cn/fonts/NViconsLib2.svg\u001b[39m","time":"2016-04-06T12:53:24.933Z","v":0}
{"name":"hexo","hostname":"yulongjundeMacBook-Pro.local","pid":4546,"level":20,"msg":"Processed: \u001b[35mimages/oop-class/debug.log\u001b[39m","time":"2016-04-06T12:53:24.934Z","v":0}
{"name":"hexo","hostname":"yulongjundeMacBook-Pro.local","pid":4546,"level":20,"msg":"Generator: \u001b[35mpage\u001b[39m","time":"2016-04-06T12:53:25.473Z","v":0}
{"name":"hexo","hostname":"yulongjundeMacBook-Pro.local","pid":4546,"level":20,"msg":"Generator: \u001b[35mpost\u001b[39m","time":"2016-04-06T12:53:25.473Z","v":0}
{"name":"hexo","hostname":"yulongjundeMacBook-Pro.local","pid":4546,"level":20,"msg":"Generator: \u001b[35mcategory\u001b[39m","time":"2016-04-06T12:53:25.473Z","v":0}
{"name":"hexo","hostname":"yulongjundeMacBook-Pro.local","pid":4546,"level":20,"msg":"Generator: \u001b[35marchive\u001b[39m","time":"2016-04-06T12:53:25.473Z","v":0}
{"name":"hexo","hostname":"yulongjundeMacBook-Pro.local","pid":4546,"level":20,"msg":"Generator: \u001b[35mfeed\u001b[39m","time":"2016-04-06T12:53:25.473Z","v":0}
{"name":"hexo","hostname":"yulongjundeMacBook-Pro.local","pid":4546,"level":20,"msg":"Generator: \u001b[35mindex\u001b[39m","time":"2016-04-06T12:53:25.473Z","v":0}
{"name":"hexo","hostname":"yulongjundeMacBook-Pro.local","pid":4546,"level":20,"msg":"Generator: \u001b[35mtag\u001b[39m","time":"2016-04-06T12:53:25.473Z","v":0}
{"name":"hexo","hostname":"yulongjundeMacBook-Pro.local","pid":4546,"level":20,"msg":"Generator: \u001b[35masset\u001b[39m","time":"2016-04-06T12:53:25.475Z","v":0}
{"name":"hexo","hostname":"yulongjundeMacBook-Pro.local","pid":4546,"level":30,"msg":"Hexo is running at \u001b[4mhttp://localhost:4000/\u001b[24m. Press Ctrl+C to stop.","time":"2016-04-06T12:53:25.493Z","v":0}
{"name":"hexo","hostname":"yulongjundeMacBook-Pro.local","pid":4546,"level":20,"msg":"Database saved","time":"2016-04-06T12:53:25.531Z","v":0}
{"name":"hexo","hostname":"yulongjundeMacBook-Pro.local","pid":4546,"level":20,"msg":"Rendering index: \u001b[35mindex.html\u001b[39m","time":"2016-04-06T12:53:29.795Z","v":0}
{"name":"hexo","hostname":"yulongjundeMacBook-Pro.local","pid":4546,"level":30,"msg":"Catch you later","time":"2016-04-06T12:53:45.771Z","v":0}
{"name":"hexo","hostname":"yulongjundeMacBook-Pro.local","pid":4546,"level":20,"msg":"Database saved","time":"2016-04-06T12:53:45.796Z","v":0}
{"name":"hexo","hostname":"yulongjundeMacBook-Pro.local","pid":4554,"level":20,"msg":"Hexo version: \u001b[35m3.2.0\u001b[39m","time":"2016-04-06T12:56:35.204Z","v":0}
{"name":"hexo","hostname":"yulongjundeMacBook-Pro.local","pid":4554,"level":20,"msg":"Working directory: \u001b[35m~/blog/\u001b[39m","time":"2016-04-06T12:56:35.207Z","v":0}
{"name":"hexo","hostname":"yulongjundeMacBook-Pro.local","pid":4554,"level":20,"msg":"Config loaded: \u001b[35m~/blog/_config.yml\u001b[39m","time":"2016-04-06T12:56:35.305Z","v":0}
{"name":"hexo","hostname":"yulongjundeMacBook-Pro.local","pid":4554,"level":20,"msg":"Plugin loaded: \u001b[35mhexo-generator-archive\u001b[39m","time":"2016-04-06T12:56:35.322Z","v":0}
{"name":"hexo","hostname":"yulongjundeMacBook-Pro.local","pid":4554,"level":20,"msg":"Plugin loaded: \u001b[35mhexo-deployer-git\u001b[39m","time":"2016-04-06T12:56:35.324Z","v":0}
{"name":"hexo","hostname":"yulongjundeMacBook-Pro.local","pid":4554,"level":20,"msg":"Plugin loaded: \u001b[35mhexo-generator-category\u001b[39m","time":"2016-04-06T12:56:35.325Z","v":0}
{"name":"hexo","hostname":"yulongjundeMacBook-Pro.local","pid":4554,"level":20,"msg":"Plugin loaded: \u001b[35mhexo-generator-feed\u001b[39m","time":"2016-04-06T12:56:35.369Z","v":0}
{"name":"hexo","hostname":"yulongjundeMacBook-Pro.local","pid":4554,"level":20,"msg":"Plugin loaded: \u001b[35mhexo-generator-index\u001b[39m","time":"2016-04-06T12:56:35.370Z","v":0}
{"name":"hexo","hostname":"yulongjundeMacBook-Pro.local","pid":4554,"level":20,"msg":"Plugin loaded: \u001b[35mhexo-generator-tag\u001b[39m","time":"2016-04-06T12:56:35.371Z","v":0}
{"name":"hexo","hostname":"yulongjundeMacBook-Pro.local","pid":4554,"level":20,"msg":"Plugin loaded: \u001b[35mhexo-renderer-ejs\u001b[39m","time":"2016-04-06T12:56:35.373Z","v":0}
{"name":"hexo","hostname":"yulongjundeMacBook-Pro.local","pid":4554,"level":20,"msg":"Plugin loaded: \u001b[35mhexo-renderer-marked\u001b[39m","time":"2016-04-06T12:56:35.378Z","v":0}
{"name":"hexo","hostname":"yulongjundeMacBook-Pro.local","pid":4554,"level":20,"msg":"Plugin loaded: \u001b[35mhexo-renderer-stylus\u001b[39m","time":"2016-04-06T12:56:35.382Z","v":0}
{"name":"hexo","hostname":"yulongjundeMacBook-Pro.local","pid":4554,"level":20,"msg":"Script loaded: \u001b[35mthemes/next/scripts/tags/center-quote.js\u001b[39m","time":"2016-04-06T12:56:35.383Z","v":0}
{"name":"hexo","hostname":"yulongjundeMacBook-Pro.local","pid":4554,"level":20,"msg":"Script loaded: \u001b[35mthemes/next/scripts/merge-configs.js\u001b[39m","time":"2016-04-06T12:56:35.384Z","v":0}
{"name":"hexo","hostname":"yulongjundeMacBook-Pro.local","pid":4554,"level":20,"msg":"Script loaded: \u001b[35mthemes/next/scripts/tags/full-image.js\u001b[39m","time":"2016-04-06T12:56:35.388Z","v":0}
{"name":"hexo","hostname":"yulongjundeMacBook-Pro.local","pid":4554,"level":20,"msg":"Plugin loaded: \u001b[35mhexo-server\u001b[39m","time":"2016-04-06T12:56:35.446Z","v":0}
{"name":"hexo","hostname":"yulongjundeMacBook-Pro.local","pid":4554,"level":20,"msg":"Script loaded: \u001b[35mthemes/next/scripts/tags/group-pictures.js\u001b[39m","time":"2016-04-06T12:56:35.447Z","v":0}
{"name":"hexo","hostname":"yulongjundeMacBook-Pro.local","pid":4554,"level":20,"msg":"Loading database.","time":"2016-04-06T12:56:35.456Z","v":0}
{"name":"hexo","hostname":"yulongjundeMacBook-Pro.local","pid":4554,"level":30,"msg":"Start processing","time":"2016-04-06T12:56:35.465Z","v":0}
{"name":"hexo","hostname":"yulongjundeMacBook-Pro.local","pid":4554,"level":20,"msg":"Processed: \u001b[35mCNAME\u001b[39m","time":"2016-04-06T12:56:35.517Z","v":0}
{"name":"hexo","hostname":"yulongjundeMacBook-Pro.local","pid":4554,"level":20,"msg":"Processed: \u001b[35mdebug.log\u001b[39m","time":"2016-04-06T12:56:35.518Z","v":0}
{"name":"hexo","hostname":"yulongjundeMacBook-Pro.local","pid":4554,"level":20,"msg":"Processed: \u001b[35mimages/avatar.jpg\u001b[39m","time":"2016-04-06T12:56:35.598Z","v":0}
{"name":"hexo","hostname":"yulongjundeMacBook-Pro.local","pid":4554,"level":20,"msg":"Processed: \u001b[35m404.html\u001b[39m","time":"2016-04-06T12:56:35.623Z","v":0}
{"name":"hexo","hostname":"yulongjundeMacBook-Pro.local","pid":4554,"level":20,"msg":"Processed: \u001b[35mimages/wechatpay.jpg\u001b[39m","time":"2016-04-06T12:56:35.623Z","v":0}
{"name":"hexo","hostname":"yulongjundeMacBook-Pro.local","pid":4554,"level":20,"msg":"Theme config loaded.","time":"2016-04-06T12:56:35.645Z","v":0}
{"name":"hexo","hostname":"yulongjundeMacBook-Pro.local","pid":4554,"level":20,"msg":"Processed: \u001b[35m_config.yml\u001b[39m","time":"2016-04-06T12:56:35.645Z","v":0}
{"name":"hexo","hostname":"yulongjundeMacBook-Pro.local","pid":4554,"level":20,"msg":"Processed: \u001b[35mimages/alipay.jpg\u001b[39m","time":"2016-04-06T12:56:35.647Z","v":0}
{"name":"hexo","hostname":"yulongjundeMacBook-Pro.local","pid":4554,"level":20,"msg":"Processed: \u001b[35mimages/git-github/2.png\u001b[39m","time":"2016-04-06T12:56:35.648Z","v":0}
{"name":"hexo","hostname":"yulongjundeMacBook-Pro.local","pid":4554,"level":20,"msg":"Processed: \u001b[35mimages/oop-class/1458463116264.png\u001b[39m","time":"2016-04-06T12:56:35.649Z","v":0}
{"name":"hexo","hostname":"yulongjundeMacBook-Pro.local","pid":4554,"level":20,"msg":"Processed: \u001b[35mimages/oop-class/1458465369859.png\u001b[39m","time":"2016-04-06T12:56:35.650Z","v":0}
{"name":"hexo","hostname":"yulongjundeMacBook-Pro.local","pid":4554,"level":20,"msg":"Processed: \u001b[35mimages/oop-class/1458465493354.png\u001b[39m","time":"2016-04-06T12:56:35.650Z","v":0}
{"name":"hexo","hostname":"yulongjundeMacBook-Pro.local","pid":4554,"level":20,"msg":"Processed: \u001b[35mimages/oop-class/1458466970032.png\u001b[39m","time":"2016-04-06T12:56:35.651Z","v":0}
{"name":"hexo","hostname":"yulongjundeMacBook-Pro.local","pid":4554,"level":20,"msg":"Processed: \u001b[35mimages/oop-class/1458474720783.png\u001b[39m","time":"2016-04-06T12:56:35.652Z","v":0}
{"name":"hexo","hostname":"yulongjundeMacBook-Pro.local","pid":4554,"level":20,"msg":"Processed: \u001b[35mimages/oop-class/1458474744317.png\u001b[39m","time":"2016-04-06T12:56:35.653Z","v":0}
{"name":"hexo","hostname":"yulongjundeMacBook-Pro.local","pid":4554,"level":20,"msg":"Processed: \u001b[35mimages/oop-class/1458475225225.png\u001b[39m","time":"2016-04-06T12:56:35.653Z","v":0}
{"name":"hexo","hostname":"yulongjundeMacBook-Pro.local","pid":4554,"level":20,"msg":"Processed: \u001b[35mimages/oop-class/1458477601644.png\u001b[39m","time":"2016-04-06T12:56:35.654Z","v":0}
{"name":"hexo","hostname":"yulongjundeMacBook-Pro.local","pid":4554,"level":20,"msg":"Processed: \u001b[35mimages/oop-class/1458477588760.png\u001b[39m","time":"2016-04-06T12:56:35.654Z","v":0}
{"name":"hexo","hostname":"yulongjundeMacBook-Pro.local","pid":4554,"level":20,"msg":"Processed: \u001b[35mimages/oop-class/1458739312373.png\u001b[39m","time":"2016-04-06T12:56:35.654Z","v":0}
{"name":"hexo","hostname":"yulongjundeMacBook-Pro.local","pid":4554,"level":20,"msg":"Processed: \u001b[35mimages/oop-class/1458475159209.png\u001b[39m","time":"2016-04-06T12:56:35.655Z","v":0}
{"name":"hexo","hostname":"yulongjundeMacBook-Pro.local","pid":4554,"level":20,"msg":"Processed: \u001b[35mimages/oop-class/1458791011232.png\u001b[39m","time":"2016-04-06T12:56:35.655Z","v":0}
{"name":"hexo","hostname":"yulongjundeMacBook-Pro.local","pid":4554,"level":20,"msg":"Processed: \u001b[35mimages/oop-class/1458746545517.png\u001b[39m","time":"2016-04-06T12:56:35.655Z","v":0}
{"name":"hexo","hostname":"yulongjundeMacBook-Pro.local","pid":4554,"level":20,"msg":"Processed: \u001b[35msource/css/main.styl\u001b[39m","time":"2016-04-06T12:56:35.670Z","v":0}
{"name":"hexo","hostname":"yulongjundeMacBook-Pro.local","pid":4554,"level":20,"msg":"Processed: \u001b[35msource/images/cc-by-nc-nd.svg\u001b[39m","time":"2016-04-06T12:56:35.670Z","v":0}
{"name":"hexo","hostname":"yulongjundeMacBook-Pro.local","pid":4554,"level":20,"msg":"Processed: \u001b[35msource/images/cc-by-nc-sa.svg\u001b[39m","time":"2016-04-06T12:56:35.671Z","v":0}
{"name":"hexo","hostname":"yulongjundeMacBook-Pro.local","pid":4554,"level":20,"msg":"Processed: \u001b[35msource/images/cc-by-nc.svg\u001b[39m","time":"2016-04-06T12:56:35.671Z","v":0}
{"name":"hexo","hostname":"yulongjundeMacBook-Pro.local","pid":4554,"level":20,"msg":"Processed: \u001b[35msource/images/cc-by-nd.svg\u001b[39m","time":"2016-04-06T12:56:35.672Z","v":0}
{"name":"hexo","hostname":"yulongjundeMacBook-Pro.local","pid":4554,"level":20,"msg":"Processed: \u001b[35msource/images/cc-by-sa.svg\u001b[39m","time":"2016-04-06T12:56:35.673Z","v":0}
{"name":"hexo","hostname":"yulongjundeMacBook-Pro.local","pid":4554,"level":20,"msg":"Processed: \u001b[35msource/images/cc-by.svg\u001b[39m","time":"2016-04-06T12:56:35.673Z","v":0}
{"name":"hexo","hostname":"yulongjundeMacBook-Pro.local","pid":4554,"level":20,"msg":"Processed: \u001b[35msource/images/cc-zero.svg\u001b[39m","time":"2016-04-06T12:56:35.674Z","v":0}
{"name":"hexo","hostname":"yulongjundeMacBook-Pro.local","pid":4554,"level":20,"msg":"Processed: \u001b[35msource/images/loading.gif\u001b[39m","time":"2016-04-06T12:56:35.674Z","v":0}
{"name":"hexo","hostname":"yulongjundeMacBook-Pro.local","pid":4554,"level":20,"msg":"Processed: \u001b[35msource/images/placeholder.gif\u001b[39m","time":"2016-04-06T12:56:35.674Z","v":0}
{"name":"hexo","hostname":"yulongjundeMacBook-Pro.local","pid":4554,"level":20,"msg":"Processed: \u001b[35msource/images/quote-l.svg\u001b[39m","time":"2016-04-06T12:56:35.675Z","v":0}
{"name":"hexo","hostname":"yulongjundeMacBook-Pro.local","pid":4554,"level":20,"msg":"Processed: \u001b[35msource/images/quote-r.svg\u001b[39m","time":"2016-04-06T12:56:35.676Z","v":0}
{"name":"hexo","hostname":"yulongjundeMacBook-Pro.local","pid":4554,"level":20,"msg":"Processed: \u001b[35msource/images/searchicon.png\u001b[39m","time":"2016-04-06T12:56:35.676Z","v":0}
{"name":"hexo","hostname":"yulongjundeMacBook-Pro.local","pid":4554,"level":20,"msg":"Processed: \u001b[35mabout/index.md\u001b[39m","time":"2016-04-06T12:56:35.713Z","v":0}
{"name":"hexo","hostname":"yulongjundeMacBook-Pro.local","pid":4554,"level":20,"msg":"Processed: \u001b[35mcategories/index.md\u001b[39m","time":"2016-04-06T12:56:35.714Z","v":0}
{"name":"hexo","hostname":"yulongjundeMacBook-Pro.local","pid":4554,"level":20,"msg":"Processed: \u001b[35mimages/oop-class/1458398138439.png\u001b[39m","time":"2016-04-06T12:56:35.722Z","v":0}
{"name":"hexo","hostname":"yulongjundeMacBook-Pro.local","pid":4554,"level":20,"msg":"Processed: \u001b[35mimages/oop-class/1458452739839.png\u001b[39m","time":"2016-04-06T12:56:35.725Z","v":0}
{"name":"hexo","hostname":"yulongjundeMacBook-Pro.local","pid":4554,"level":20,"msg":"Processed: \u001b[35mimages/oop-class/1458465569217.png\u001b[39m","time":"2016-04-06T12:56:35.734Z","v":0}
{"name":"hexo","hostname":"yulongjundeMacBook-Pro.local","pid":4554,"level":20,"msg":"Processed: \u001b[35mimages/oop-class/1458467228460.png\u001b[39m","time":"2016-04-06T12:56:35.738Z","v":0}
{"name":"hexo","hostname":"yulongjundeMacBook-Pro.local","pid":4554,"level":20,"msg":"Processed: \u001b[35mimages/oop-class/1458467267272.png\u001b[39m","time":"2016-04-06T12:56:35.742Z","v":0}
{"name":"hexo","hostname":"yulongjundeMacBook-Pro.local","pid":4554,"level":20,"msg":"Processed: \u001b[35m_posts/00-contents.md\u001b[39m","time":"2016-04-06T12:56:35.744Z","v":0}
{"name":"hexo","hostname":"yulongjundeMacBook-Pro.local","pid":4554,"level":20,"msg":"Processed: \u001b[35mimages/oop-class/1458470472712.png\u001b[39m","time":"2016-04-06T12:56:35.744Z","v":0}
{"name":"hexo","hostname":"yulongjundeMacBook-Pro.local","pid":4554,"level":20,"msg":"Processed: \u001b[35mimages/oop-class/1458470507678.png\u001b[39m","time":"2016-04-06T12:56:35.747Z","v":0}
{"name":"hexo","hostname":"yulongjundeMacBook-Pro.local","pid":4554,"level":20,"msg":"Processed: \u001b[35m_posts/01-readbook.md\u001b[39m","time":"2016-04-06T12:56:35.749Z","v":0}
{"name":"hexo","hostname":"yulongjundeMacBook-Pro.local","pid":4554,"level":20,"msg":"Processed: \u001b[35mimages/oop-class/1458474701110.png\u001b[39m","time":"2016-04-06T12:56:35.749Z","v":0}
{"name":"hexo","hostname":"yulongjundeMacBook-Pro.local","pid":4554,"level":20,"msg":"Processed: \u001b[35mimages/oop-class/1458476833430.png\u001b[39m","time":"2016-04-06T12:56:35.755Z","v":0}
{"name":"hexo","hostname":"yulongjundeMacBook-Pro.local","pid":4554,"level":20,"msg":"Processed: \u001b[35mimages/oop-class/1458479255343.png\u001b[39m","time":"2016-04-06T12:56:35.758Z","v":0}
{"name":"hexo","hostname":"yulongjundeMacBook-Pro.local","pid":4554,"level":20,"msg":"Processed: \u001b[35mimages/oop-class/1458482149593.png\u001b[39m","time":"2016-04-06T12:56:35.761Z","v":0}
{"name":"hexo","hostname":"yulongjundeMacBook-Pro.local","pid":4554,"level":20,"msg":"Processed: \u001b[35mimages/oop-class/1458482401531.png\u001b[39m","time":"2016-04-06T12:56:35.765Z","v":0}
{"name":"hexo","hostname":"yulongjundeMacBook-Pro.local","pid":4554,"level":20,"msg":"Processed: \u001b[35mimages/oop-class/1458740152824.png\u001b[39m","time":"2016-04-06T12:56:35.770Z","v":0}
{"name":"hexo","hostname":"yulongjundeMacBook-Pro.local","pid":4554,"level":20,"msg":"Processed: \u001b[35mimages/oop-class/1458746655171.png\u001b[39m","time":"2016-04-06T12:56:35.773Z","v":0}
{"name":"hexo","hostname":"yulongjundeMacBook-Pro.local","pid":4554,"level":20,"msg":"Processed: \u001b[35m_posts/11-functions.md\u001b[39m","time":"2016-04-06T12:56:35.775Z","v":0}
{"name":"hexo","hostname":"yulongjundeMacBook-Pro.local","pid":4554,"level":20,"msg":"Processed: \u001b[35m_posts/02-pyenv.md\u001b[39m","time":"2016-04-06T12:56:35.775Z","v":0}
{"name":"hexo","hostname":"yulongjundeMacBook-Pro.local","pid":4554,"level":20,"msg":"Processed: \u001b[35m_posts/12-oop-class.md\u001b[39m","time":"2016-04-06T12:56:35.777Z","v":0}
{"name":"hexo","hostname":"yulongjundeMacBook-Pro.local","pid":4554,"level":20,"msg":"Processed: \u001b[35m_drafts/13-exceptions.md\u001b[39m","time":"2016-04-06T12:56:35.784Z","v":0}
{"name":"hexo","hostname":"yulongjundeMacBook-Pro.local","pid":4554,"level":20,"msg":"Processed: \u001b[35m_drafts/14-modularization.md\u001b[39m","time":"2016-04-06T12:56:35.785Z","v":0}
{"name":"hexo","hostname":"yulongjundeMacBook-Pro.local","pid":4554,"level":20,"msg":"Processed: \u001b[35m_drafts/15-1-singly-linked-list.md\u001b[39m","time":"2016-04-06T12:56:35.787Z","v":0}
{"name":"hexo","hostname":"yulongjundeMacBook-Pro.local","pid":4554,"level":20,"msg":"Processed: \u001b[35m_posts/03-numbers.md\u001b[39m","time":"2016-04-06T12:56:35.789Z","v":0}
{"name":"hexo","hostname":"yulongjundeMacBook-Pro.local","pid":4554,"level":20,"msg":"Processed: \u001b[35m_drafts/15-2-stack.md\u001b[39m","time":"2016-04-06T12:56:35.789Z","v":0}
{"name":"hexo","hostname":"yulongjundeMacBook-Pro.local","pid":4554,"level":20,"msg":"Processed: \u001b[35m_drafts/15-3-hash.md\u001b[39m","time":"2016-04-06T12:56:35.790Z","v":0}
{"name":"hexo","hostname":"yulongjundeMacBook-Pro.local","pid":4554,"level":20,"msg":"Processed: \u001b[35m_posts/04-strings.md\u001b[39m","time":"2016-04-06T12:56:35.791Z","v":0}
{"name":"hexo","hostname":"yulongjundeMacBook-Pro.local","pid":4554,"level":20,"msg":"Processed: \u001b[35m_drafts/15-4-tree.md\u001b[39m","time":"2016-04-06T12:56:35.792Z","v":0}
{"name":"hexo","hostname":"yulongjundeMacBook-Pro.local","pid":4554,"level":20,"msg":"Processed: \u001b[35m_drafts/15-5-heap.md\u001b[39m","time":"2016-04-06T12:56:35.793Z","v":0}
{"name":"hexo","hostname":"yulongjundeMacBook-Pro.local","pid":4554,"level":20,"msg":"Processed: \u001b[35m_posts/05-lists.md\u001b[39m","time":"2016-04-06T12:56:35.794Z","v":0}
{"name":"hexo","hostname":"yulongjundeMacBook-Pro.local","pid":4554,"level":20,"msg":"Processed: \u001b[35m_posts/06-tuples.md\u001b[39m","time":"2016-04-06T12:56:35.795Z","v":0}
{"name":"hexo","hostname":"yulongjundeMacBook-Pro.local","pid":4554,"level":20,"msg":"Processed: \u001b[35m_posts/08-sets.md\u001b[39m","time":"2016-04-06T12:56:35.796Z","v":0}
{"name":"hexo","hostname":"yulongjundeMacBook-Pro.local","pid":4554,"level":20,"msg":"Processed: \u001b[35m_posts/09-comprehensions.md\u001b[39m","time":"2016-04-06T12:56:35.797Z","v":0}
{"name":"hexo","hostname":"yulongjundeMacBook-Pro.local","pid":4554,"level":20,"msg":"Processed: \u001b[35m_posts/10-yield.md\u001b[39m","time":"2016-04-06T12:56:35.797Z","v":0}
{"name":"hexo","hostname":"yulongjundeMacBook-Pro.local","pid":4554,"level":20,"msg":"Processed: \u001b[35m_posts/07-dicts.md\u001b[39m","time":"2016-04-06T12:56:35.797Z","v":0}
{"name":"hexo","hostname":"yulongjundeMacBook-Pro.local","pid":4554,"level":20,"msg":"Processed: \u001b[35m_posts/git-Github.md\u001b[39m","time":"2016-04-06T12:56:35.798Z","v":0}
{"name":"hexo","hostname":"yulongjundeMacBook-Pro.local","pid":4554,"level":20,"msg":"Processed: \u001b[35mlayout/_layout.swig\u001b[39m","time":"2016-04-06T12:56:35.927Z","v":0}
{"name":"hexo","hostname":"yulongjundeMacBook-Pro.local","pid":4554,"level":20,"msg":"Processed: \u001b[35mlayout/archive.swig\u001b[39m","time":"2016-04-06T12:56:35.927Z","v":0}
{"name":"hexo","hostname":"yulongjundeMacBook-Pro.local","pid":4554,"level":20,"msg":"Processed: \u001b[35mlayout/category.swig\u001b[39m","time":"2016-04-06T12:56:35.927Z","v":0}
{"name":"hexo","hostname":"yulongjundeMacBook-Pro.local","pid":4554,"level":20,"msg":"Processed: \u001b[35mlayout/index.swig\u001b[39m","time":"2016-04-06T12:56:35.927Z","v":0}
{"name":"hexo","hostname":"yulongjundeMacBook-Pro.local","pid":4554,"level":20,"msg":"Processed: \u001b[35mlayout/page.swig\u001b[39m","time":"2016-04-06T12:56:35.927Z","v":0}
{"name":"hexo","hostname":"yulongjundeMacBook-Pro.local","pid":4554,"level":20,"msg":"Processed: \u001b[35mlayout/post.swig\u001b[39m","time":"2016-04-06T12:56:35.927Z","v":0}
{"name":"hexo","hostname":"yulongjundeMacBook-Pro.local","pid":4554,"level":20,"msg":"Processed: \u001b[35mlayout/tag.swig\u001b[39m","time":"2016-04-06T12:56:35.927Z","v":0}
{"name":"hexo","hostname":"yulongjundeMacBook-Pro.local","pid":4554,"level":20,"msg":"Processed: \u001b[35mtags/index.md\u001b[39m","time":"2016-04-06T12:56:35.929Z","v":0}
{"name":"hexo","hostname":"yulongjundeMacBook-Pro.local","pid":4554,"level":20,"msg":"Processed: \u001b[35mlanguages/.DS_Store\u001b[39m","time":"2016-04-06T12:56:35.929Z","v":0}
{"name":"hexo","hostname":"yulongjundeMacBook-Pro.local","pid":4554,"level":20,"msg":"Processed: \u001b[35mlanguages/default.yml\u001b[39m","time":"2016-04-06T12:56:35.929Z","v":0}
{"name":"hexo","hostname":"yulongjundeMacBook-Pro.local","pid":4554,"level":20,"msg":"Processed: \u001b[35mlanguages/de.yml\u001b[39m","time":"2016-04-06T12:56:35.929Z","v":0}
{"name":"hexo","hostname":"yulongjundeMacBook-Pro.local","pid":4554,"level":20,"msg":"Processed: \u001b[35mlanguages/en.yml\u001b[39m","time":"2016-04-06T12:56:35.929Z","v":0}
{"name":"hexo","hostname":"yulongjundeMacBook-Pro.local","pid":4554,"level":20,"msg":"Processed: \u001b[35mlanguages/fr-FR.yml\u001b[39m","time":"2016-04-06T12:56:35.930Z","v":0}
{"name":"hexo","hostname":"yulongjundeMacBook-Pro.local","pid":4554,"level":20,"msg":"Processed: \u001b[35mlanguages/ja.yml\u001b[39m","time":"2016-04-06T12:56:35.930Z","v":0}
{"name":"hexo","hostname":"yulongjundeMacBook-Pro.local","pid":4554,"level":20,"msg":"Processed: \u001b[35mlanguages/pt.yml\u001b[39m","time":"2016-04-06T12:56:35.930Z","v":0}
{"name":"hexo","hostname":"yulongjundeMacBook-Pro.local","pid":4554,"level":20,"msg":"Processed: \u001b[35mlanguages/ru.yml\u001b[39m","time":"2016-04-06T12:56:35.930Z","v":0}
{"name":"hexo","hostname":"yulongjundeMacBook-Pro.local","pid":4554,"level":20,"msg":"Processed: \u001b[35mlanguages/zh-Hans.yml\u001b[39m","time":"2016-04-06T12:56:35.930Z","v":0}
{"name":"hexo","hostname":"yulongjundeMacBook-Pro.local","pid":4554,"level":20,"msg":"Processed: \u001b[35mlanguages/zh-hk.yml\u001b[39m","time":"2016-04-06T12:56:35.930Z","v":0}
{"name":"hexo","hostname":"yulongjundeMacBook-Pro.local","pid":4554,"level":20,"msg":"Processed: \u001b[35mlanguages/zh-tw.yml\u001b[39m","time":"2016-04-06T12:56:35.930Z","v":0}
{"name":"hexo","hostname":"yulongjundeMacBook-Pro.local","pid":4554,"level":20,"msg":"Processed: \u001b[35mimages/git-github/1.png\u001b[39m","time":"2016-04-06T12:56:35.931Z","v":0}
{"name":"hexo","hostname":"yulongjundeMacBook-Pro.local","pid":4554,"level":20,"msg":"Processed: \u001b[35mimages/oop-class/1458396107768.png\u001b[39m","time":"2016-04-06T12:56:35.931Z","v":0}
{"name":"hexo","hostname":"yulongjundeMacBook-Pro.local","pid":4554,"level":20,"msg":"Processed: \u001b[35mimages/oop-class/1458396136514.png\u001b[39m","time":"2016-04-06T12:56:35.931Z","v":0}
{"name":"hexo","hostname":"yulongjundeMacBook-Pro.local","pid":4554,"level":20,"msg":"Processed: \u001b[35mimages/oop-class/1458396171470.png\u001b[39m","time":"2016-04-06T12:56:35.932Z","v":0}
{"name":"hexo","hostname":"yulongjundeMacBook-Pro.local","pid":4554,"level":20,"msg":"Processed: \u001b[35mimages/oop-class/1458462102480.png\u001b[39m","time":"2016-04-06T12:56:35.933Z","v":0}
{"name":"hexo","hostname":"yulongjundeMacBook-Pro.local","pid":4554,"level":20,"msg":"Processed: \u001b[35mimages/oop-class/1458400823618.png\u001b[39m","time":"2016-04-06T12:56:35.933Z","v":0}
{"name":"hexo","hostname":"yulongjundeMacBook-Pro.local","pid":4554,"level":20,"msg":"Processed: \u001b[35mimages/oop-class/1458740926436.png\u001b[39m","time":"2016-04-06T12:56:35.934Z","v":0}
{"name":"hexo","hostname":"yulongjundeMacBook-Pro.local","pid":4554,"level":20,"msg":"Processed: \u001b[35msource/js/src/affix.js\u001b[39m","time":"2016-04-06T12:56:35.936Z","v":0}
{"name":"hexo","hostname":"yulongjundeMacBook-Pro.local","pid":4554,"level":20,"msg":"Processed: \u001b[35msource/js/src/bootstrap.js\u001b[39m","time":"2016-04-06T12:56:35.936Z","v":0}
{"name":"hexo","hostname":"yulongjundeMacBook-Pro.local","pid":4554,"level":20,"msg":"Processed: \u001b[35msource/js/src/hook-duoshuo.js\u001b[39m","time":"2016-04-06T12:56:35.936Z","v":0}
{"name":"hexo","hostname":"yulongjundeMacBook-Pro.local","pid":4554,"level":20,"msg":"Processed: \u001b[35msource/js/src/motion.js\u001b[39m","time":"2016-04-06T12:56:35.936Z","v":0}
{"name":"hexo","hostname":"yulongjundeMacBook-Pro.local","pid":4554,"level":20,"msg":"Processed: \u001b[35msource/js/src/post-details.js\u001b[39m","time":"2016-04-06T12:56:35.937Z","v":0}
{"name":"hexo","hostname":"yulongjundeMacBook-Pro.local","pid":4554,"level":20,"msg":"Processed: \u001b[35msource/js/src/utils.js\u001b[39m","time":"2016-04-06T12:56:35.937Z","v":0}
{"name":"hexo","hostname":"yulongjundeMacBook-Pro.local","pid":4554,"level":20,"msg":"Processed: \u001b[35msource/js/src/scrollspy.js\u001b[39m","time":"2016-04-06T12:56:35.938Z","v":0}
{"name":"hexo","hostname":"yulongjundeMacBook-Pro.local","pid":4554,"level":20,"msg":"Processed: \u001b[35msource/vendors/fastclick/README.md\u001b[39m","time":"2016-04-06T12:56:35.939Z","v":0}
{"name":"hexo","hostname":"yulongjundeMacBook-Pro.local","pid":4554,"level":20,"msg":"Processed: \u001b[35msource/vendors/fastclick/LICENSE\u001b[39m","time":"2016-04-06T12:56:35.939Z","v":0}
{"name":"hexo","hostname":"yulongjundeMacBook-Pro.local","pid":4554,"level":20,"msg":"Processed: \u001b[35msource/vendors/fastclick/bower.json\u001b[39m","time":"2016-04-06T12:56:35.939Z","v":0}
{"name":"hexo","hostname":"yulongjundeMacBook-Pro.local","pid":4554,"level":20,"msg":"Processed: \u001b[35msource/vendors/font-awesome/HELP-US-OUT.txt\u001b[39m","time":"2016-04-06T12:56:35.940Z","v":0}
{"name":"hexo","hostname":"yulongjundeMacBook-Pro.local","pid":4554,"level":20,"msg":"Processed: \u001b[35msource/vendors/font-awesome/bower.json\u001b[39m","time":"2016-04-06T12:56:35.940Z","v":0}
{"name":"hexo","hostname":"yulongjundeMacBook-Pro.local","pid":4554,"level":20,"msg":"Processed: \u001b[35msource/vendors/font-cn/style.css\u001b[39m","time":"2016-04-06T12:56:35.941Z","v":0}
{"name":"hexo","hostname":"yulongjundeMacBook-Pro.local","pid":4554,"level":20,"msg":"Processed: \u001b[35msource/vendors/jquery_lazyload/CONTRIBUTING.md\u001b[39m","time":"2016-04-06T12:56:35.941Z","v":0}
{"name":"hexo","hostname":"yulongjundeMacBook-Pro.local","pid":4554,"level":20,"msg":"Processed: \u001b[35msource/vendors/jquery_lazyload/README.md\u001b[39m","time":"2016-04-06T12:56:35.941Z","v":0}
{"name":"hexo","hostname":"yulongjundeMacBook-Pro.local","pid":4554,"level":20,"msg":"Processed: \u001b[35msource/vendors/jquery_lazyload/bower.json\u001b[39m","time":"2016-04-06T12:56:35.943Z","v":0}
{"name":"hexo","hostname":"yulongjundeMacBook-Pro.local","pid":4554,"level":20,"msg":"Processed: \u001b[35msource/vendors/jquery_lazyload/jquery.lazyload.js\u001b[39m","time":"2016-04-06T12:56:35.943Z","v":0}
{"name":"hexo","hostname":"yulongjundeMacBook-Pro.local","pid":4554,"level":20,"msg":"Processed: \u001b[35msource/vendors/jquery_lazyload/jquery.scrollstop.js\u001b[39m","time":"2016-04-06T12:56:35.943Z","v":0}
{"name":"hexo","hostname":"yulongjundeMacBook-Pro.local","pid":4554,"level":20,"msg":"Processed: \u001b[35msource/vendors/velocity/bower.json\u001b[39m","time":"2016-04-06T12:56:35.944Z","v":0}
{"name":"hexo","hostname":"yulongjundeMacBook-Pro.local","pid":4554,"level":20,"msg":"Processed: \u001b[35msource/vendors/velocity/velocity.min.js\u001b[39m","time":"2016-04-06T12:56:35.944Z","v":0}
{"name":"hexo","hostname":"yulongjundeMacBook-Pro.local","pid":4554,"level":20,"msg":"Processed: \u001b[35msource/vendors/velocity/velocity.ui.js\u001b[39m","time":"2016-04-06T12:56:35.944Z","v":0}
{"name":"hexo","hostname":"yulongjundeMacBook-Pro.local","pid":4554,"level":20,"msg":"Processed: \u001b[35msource/vendors/velocity/velocity.ui.min.js\u001b[39m","time":"2016-04-06T12:56:35.945Z","v":0}
{"name":"hexo","hostname":"yulongjundeMacBook-Pro.local","pid":4554,"level":20,"msg":"Processed: \u001b[35msource/vendors/jquery/index.js\u001b[39m","time":"2016-04-06T12:56:35.951Z","v":0}
{"name":"hexo","hostname":"yulongjundeMacBook-Pro.local","pid":4554,"level":20,"msg":"Processed: \u001b[35mlayout/_macro/post-collapse.swig\u001b[39m","time":"2016-04-06T12:56:35.982Z","v":0}
{"name":"hexo","hostname":"yulongjundeMacBook-Pro.local","pid":4554,"level":20,"msg":"Processed: \u001b[35mlayout/_macro/post.swig\u001b[39m","time":"2016-04-06T12:56:35.982Z","v":0}
{"name":"hexo","hostname":"yulongjundeMacBook-Pro.local","pid":4554,"level":20,"msg":"Processed: \u001b[35mlayout/_macro/reward.swig\u001b[39m","time":"2016-04-06T12:56:35.983Z","v":0}
{"name":"hexo","hostname":"yulongjundeMacBook-Pro.local","pid":4554,"level":20,"msg":"Processed: \u001b[35mlayout/_macro/sidebar.swig\u001b[39m","time":"2016-04-06T12:56:35.983Z","v":0}
{"name":"hexo","hostname":"yulongjundeMacBook-Pro.local","pid":4554,"level":20,"msg":"Processed: \u001b[35mlayout/_macro/wechat-subscriber.swig\u001b[39m","time":"2016-04-06T12:56:35.983Z","v":0}
{"name":"hexo","hostname":"yulongjundeMacBook-Pro.local","pid":4554,"level":20,"msg":"Processed: \u001b[35mlayout/_partials/comments.swig\u001b[39m","time":"2016-04-06T12:56:35.983Z","v":0}
{"name":"hexo","hostname":"yulongjundeMacBook-Pro.local","pid":4554,"level":20,"msg":"Processed: \u001b[35mlayout/_partials/duoshuo-hot-articles.swig\u001b[39m","time":"2016-04-06T12:56:35.983Z","v":0}
{"name":"hexo","hostname":"yulongjundeMacBook-Pro.local","pid":4554,"level":20,"msg":"Processed: \u001b[35mlayout/_partials/footer.swig\u001b[39m","time":"2016-04-06T12:56:35.983Z","v":0}
{"name":"hexo","hostname":"yulongjundeMacBook-Pro.local","pid":4554,"level":20,"msg":"Processed: \u001b[35mlayout/_partials/header.swig\u001b[39m","time":"2016-04-06T12:56:35.983Z","v":0}
{"name":"hexo","hostname":"yulongjundeMacBook-Pro.local","pid":4554,"level":20,"msg":"Processed: \u001b[35mlayout/_partials/head.swig\u001b[39m","time":"2016-04-06T12:56:35.983Z","v":0}
{"name":"hexo","hostname":"yulongjundeMacBook-Pro.local","pid":4554,"level":20,"msg":"Processed: \u001b[35mlayout/_partials/pagination.swig\u001b[39m","time":"2016-04-06T12:56:35.983Z","v":0}
{"name":"hexo","hostname":"yulongjundeMacBook-Pro.local","pid":4554,"level":20,"msg":"Processed: \u001b[35mlayout/_partials/search.swig\u001b[39m","time":"2016-04-06T12:56:35.983Z","v":0}
{"name":"hexo","hostname":"yulongjundeMacBook-Pro.local","pid":4554,"level":20,"msg":"Processed: \u001b[35mlayout/_scripts/baidu-push.swig\u001b[39m","time":"2016-04-06T12:56:35.983Z","v":0}
{"name":"hexo","hostname":"yulongjundeMacBook-Pro.local","pid":4554,"level":20,"msg":"Processed: \u001b[35mlayout/_scripts/boostrap.swig\u001b[39m","time":"2016-04-06T12:56:35.983Z","v":0}
{"name":"hexo","hostname":"yulongjundeMacBook-Pro.local","pid":4554,"level":20,"msg":"Processed: \u001b[35mlayout/_scripts/commons.swig\u001b[39m","time":"2016-04-06T12:56:35.983Z","v":0}
{"name":"hexo","hostname":"yulongjundeMacBook-Pro.local","pid":4554,"level":20,"msg":"Processed: \u001b[35mlayout/_scripts/vendors.swig\u001b[39m","time":"2016-04-06T12:56:35.983Z","v":0}
{"name":"hexo","hostname":"yulongjundeMacBook-Pro.local","pid":4554,"level":20,"msg":"Processed: \u001b[35msource/js/src/schemes/pisces.js\u001b[39m","time":"2016-04-06T12:56:35.991Z","v":0}
{"name":"hexo","hostname":"yulongjundeMacBook-Pro.local","pid":4554,"level":20,"msg":"Processed: \u001b[35msource/vendors/fancybox/source/blank.gif\u001b[39m","time":"2016-04-06T12:56:35.991Z","v":0}
{"name":"hexo","hostname":"yulongjundeMacBook-Pro.local","pid":4554,"level":20,"msg":"Processed: \u001b[35msource/vendors/fancybox/source/fancybox_loading.gif\u001b[39m","time":"2016-04-06T12:56:35.992Z","v":0}
{"name":"hexo","hostname":"yulongjundeMacBook-Pro.local","pid":4554,"level":20,"msg":"Processed: \u001b[35msource/vendors/fancybox/source/fancybox_loading@2x.gif\u001b[39m","time":"2016-04-06T12:56:35.992Z","v":0}
{"name":"hexo","hostname":"yulongjundeMacBook-Pro.local","pid":4554,"level":20,"msg":"Processed: \u001b[35msource/vendors/fancybox/source/fancybox_overlay.png\u001b[39m","time":"2016-04-06T12:56:35.992Z","v":0}
{"name":"hexo","hostname":"yulongjundeMacBook-Pro.local","pid":4554,"level":20,"msg":"Processed: \u001b[35msource/vendors/fancybox/source/fancybox_sprite.png\u001b[39m","time":"2016-04-06T12:56:35.992Z","v":0}
{"name":"hexo","hostname":"yulongjundeMacBook-Pro.local","pid":4554,"level":20,"msg":"Processed: \u001b[35msource/vendors/fancybox/source/fancybox_sprite@2x.png\u001b[39m","time":"2016-04-06T12:56:35.993Z","v":0}
{"name":"hexo","hostname":"yulongjundeMacBook-Pro.local","pid":4554,"level":20,"msg":"Processed: \u001b[35msource/vendors/fancybox/source/jquery.fancybox.js\u001b[39m","time":"2016-04-06T12:56:35.993Z","v":0}
{"name":"hexo","hostname":"yulongjundeMacBook-Pro.local","pid":4554,"level":20,"msg":"Processed: \u001b[35msource/vendors/fancybox/source/jquery.fancybox.pack.js\u001b[39m","time":"2016-04-06T12:56:35.993Z","v":0}
{"name":"hexo","hostname":"yulongjundeMacBook-Pro.local","pid":4554,"level":20,"msg":"Processed: \u001b[35msource/vendors/fastclick/lib/fastclick.min.js\u001b[39m","time":"2016-04-06T12:56:35.993Z","v":0}
{"name":"hexo","hostname":"yulongjundeMacBook-Pro.local","pid":4554,"level":20,"msg":"Processed: \u001b[35msource/vendors/fancybox/source/jquery.fancybox.css\u001b[39m","time":"2016-04-06T12:56:35.994Z","v":0}
{"name":"hexo","hostname":"yulongjundeMacBook-Pro.local","pid":4554,"level":20,"msg":"Processed: \u001b[35msource/vendors/font-awesome/css/font-awesome.css\u001b[39m","time":"2016-04-06T12:56:35.994Z","v":0}
{"name":"hexo","hostname":"yulongjundeMacBook-Pro.local","pid":4554,"level":20,"msg":"Processed: \u001b[35msource/vendors/font-awesome/css/font-awesome.css.map\u001b[39m","time":"2016-04-06T12:56:35.994Z","v":0}
{"name":"hexo","hostname":"yulongjundeMacBook-Pro.local","pid":4554,"level":20,"msg":"Processed: \u001b[35msource/vendors/font-awesome/css/font-awesome.min.css\u001b[39m","time":"2016-04-06T12:56:35.994Z","v":0}
{"name":"hexo","hostname":"yulongjundeMacBook-Pro.local","pid":4554,"level":20,"msg":"Processed: \u001b[35msource/vendors/font-awesome/fonts/fontawesome-webfont.woff2\u001b[39m","time":"2016-04-06T12:56:35.995Z","v":0}
{"name":"hexo","hostname":"yulongjundeMacBook-Pro.local","pid":4554,"level":20,"msg":"Processed: \u001b[35msource/vendors/ua-parser-js/dist/ua-parser.min.js\u001b[39m","time":"2016-04-06T12:56:35.995Z","v":0}
{"name":"hexo","hostname":"yulongjundeMacBook-Pro.local","pid":4554,"level":20,"msg":"Processed: \u001b[35msource/vendors/ua-parser-js/dist/ua-parser.pack.js\u001b[39m","time":"2016-04-06T12:56:35.995Z","v":0}
{"name":"hexo","hostname":"yulongjundeMacBook-Pro.local","pid":4554,"level":20,"msg":"Processed: \u001b[35msource/vendors/fastclick/lib/fastclick.js\u001b[39m","time":"2016-04-06T12:56:35.995Z","v":0}
{"name":"hexo","hostname":"yulongjundeMacBook-Pro.local","pid":4554,"level":20,"msg":"Processed: \u001b[35mlayout/_scripts/schemes/mist.swig\u001b[39m","time":"2016-04-06T12:56:36.000Z","v":0}
{"name":"hexo","hostname":"yulongjundeMacBook-Pro.local","pid":4554,"level":20,"msg":"Processed: \u001b[35mlayout/_scripts/schemes/muse.swig\u001b[39m","time":"2016-04-06T12:56:36.000Z","v":0}
{"name":"hexo","hostname":"yulongjundeMacBook-Pro.local","pid":4554,"level":20,"msg":"Processed: \u001b[35msource/vendors/font-awesome/fonts/FontAwesome.otf\u001b[39m","time":"2016-04-06T12:56:36.002Z","v":0}
{"name":"hexo","hostname":"yulongjundeMacBook-Pro.local","pid":4554,"level":20,"msg":"Processed: \u001b[35msource/vendors/font-awesome/fonts/fontawesome-webfont.eot\u001b[39m","time":"2016-04-06T12:56:36.002Z","v":0}
{"name":"hexo","hostname":"yulongjundeMacBook-Pro.local","pid":4554,"level":20,"msg":"Processed: \u001b[35msource/vendors/font-awesome/fonts/fontawesome-webfont.woff\u001b[39m","time":"2016-04-06T12:56:36.002Z","v":0}
{"name":"hexo","hostname":"yulongjundeMacBook-Pro.local","pid":4554,"level":20,"msg":"Processed: \u001b[35msource/vendors/font-cn/fonts/NViconsLib2.ttf\u001b[39m","time":"2016-04-06T12:56:36.002Z","v":0}
{"name":"hexo","hostname":"yulongjundeMacBook-Pro.local","pid":4554,"level":20,"msg":"Processed: \u001b[35msource/vendors/font-cn/fonts/NViconsLib2.woff\u001b[39m","time":"2016-04-06T12:56:36.003Z","v":0}
{"name":"hexo","hostname":"yulongjundeMacBook-Pro.local","pid":4554,"level":20,"msg":"Processed: \u001b[35msource/vendors/font-cn/fonts/NViconsLib2.eot\u001b[39m","time":"2016-04-06T12:56:36.003Z","v":0}
{"name":"hexo","hostname":"yulongjundeMacBook-Pro.local","pid":4554,"level":20,"msg":"Processed: \u001b[35msource/vendors/velocity/velocity.js\u001b[39m","time":"2016-04-06T12:56:36.003Z","v":0}
{"name":"hexo","hostname":"yulongjundeMacBook-Pro.local","pid":4554,"level":20,"msg":"Processed: \u001b[35mlayout/_partials/search/localsearch.swig\u001b[39m","time":"2016-04-06T12:56:36.010Z","v":0}
{"name":"hexo","hostname":"yulongjundeMacBook-Pro.local","pid":4554,"level":20,"msg":"Processed: \u001b[35mlayout/_partials/search/swiftype.swig\u001b[39m","time":"2016-04-06T12:56:36.011Z","v":0}
{"name":"hexo","hostname":"yulongjundeMacBook-Pro.local","pid":4554,"level":20,"msg":"Processed: \u001b[35mlayout/_partials/search/tinysou.swig\u001b[39m","time":"2016-04-06T12:56:36.011Z","v":0}
{"name":"hexo","hostname":"yulongjundeMacBook-Pro.local","pid":4554,"level":20,"msg":"Processed: \u001b[35mlayout/_partials/share/add-this.swig\u001b[39m","time":"2016-04-06T12:56:36.011Z","v":0}
{"name":"hexo","hostname":"yulongjundeMacBook-Pro.local","pid":4554,"level":20,"msg":"Processed: \u001b[35mlayout/_partials/share/baidushare.swig\u001b[39m","time":"2016-04-06T12:56:36.011Z","v":0}
{"name":"hexo","hostname":"yulongjundeMacBook-Pro.local","pid":4554,"level":20,"msg":"Processed: \u001b[35mlayout/_partials/share/jiathis.swig\u001b[39m","time":"2016-04-06T12:56:36.011Z","v":0}
{"name":"hexo","hostname":"yulongjundeMacBook-Pro.local","pid":4554,"level":20,"msg":"Processed: \u001b[35mlayout/_partials/share/duoshuo_share.swig\u001b[39m","time":"2016-04-06T12:56:36.011Z","v":0}
{"name":"hexo","hostname":"yulongjundeMacBook-Pro.local","pid":4554,"level":20,"msg":"Processed: \u001b[35mlayout/_scripts/pages/post-details.swig\u001b[39m","time":"2016-04-06T12:56:36.011Z","v":0}
{"name":"hexo","hostname":"yulongjundeMacBook-Pro.local","pid":4554,"level":20,"msg":"Processed: \u001b[35mlayout/_scripts/third-party/analytics.swig\u001b[39m","time":"2016-04-06T12:56:36.011Z","v":0}
{"name":"hexo","hostname":"yulongjundeMacBook-Pro.local","pid":4554,"level":20,"msg":"Processed: \u001b[35mlayout/_scripts/schemes/pisces.swig\u001b[39m","time":"2016-04-06T12:56:36.011Z","v":0}
{"name":"hexo","hostname":"yulongjundeMacBook-Pro.local","pid":4554,"level":20,"msg":"Processed: \u001b[35mlayout/_scripts/third-party/comments.swig\u001b[39m","time":"2016-04-06T12:56:36.011Z","v":0}
{"name":"hexo","hostname":"yulongjundeMacBook-Pro.local","pid":4554,"level":20,"msg":"Processed: \u001b[35mlayout/_scripts/third-party/lean-analytics.swig\u001b[39m","time":"2016-04-06T12:56:36.011Z","v":0}
{"name":"hexo","hostname":"yulongjundeMacBook-Pro.local","pid":4554,"level":20,"msg":"Processed: \u001b[35mlayout/_scripts/third-party/localsearch.swig\u001b[39m","time":"2016-04-06T12:56:36.011Z","v":0}
{"name":"hexo","hostname":"yulongjundeMacBook-Pro.local","pid":4554,"level":20,"msg":"Processed: \u001b[35mlayout/_scripts/third-party/mathjax.swig\u001b[39m","time":"2016-04-06T12:56:36.011Z","v":0}
{"name":"hexo","hostname":"yulongjundeMacBook-Pro.local","pid":4554,"level":20,"msg":"Processed: \u001b[35mlayout/_scripts/third-party/tinysou.swig\u001b[39m","time":"2016-04-06T12:56:36.011Z","v":0}
{"name":"hexo","hostname":"yulongjundeMacBook-Pro.local","pid":4554,"level":20,"msg":"Processed: \u001b[35msource/vendors/fancybox/source/helpers/jquery.fancybox-buttons.css\u001b[39m","time":"2016-04-06T12:56:36.016Z","v":0}
{"name":"hexo","hostname":"yulongjundeMacBook-Pro.local","pid":4554,"level":20,"msg":"Processed: \u001b[35msource/vendors/fancybox/source/helpers/fancybox_buttons.png\u001b[39m","time":"2016-04-06T12:56:36.017Z","v":0}
{"name":"hexo","hostname":"yulongjundeMacBook-Pro.local","pid":4554,"level":20,"msg":"Processed: \u001b[35msource/vendors/fancybox/source/helpers/jquery.fancybox-thumbs.css\u001b[39m","time":"2016-04-06T12:56:36.017Z","v":0}
{"name":"hexo","hostname":"yulongjundeMacBook-Pro.local","pid":4554,"level":20,"msg":"Processed: \u001b[35msource/vendors/fancybox/source/helpers/jquery.fancybox-buttons.js\u001b[39m","time":"2016-04-06T12:56:36.017Z","v":0}
{"name":"hexo","hostname":"yulongjundeMacBook-Pro.local","pid":4554,"level":20,"msg":"Processed: \u001b[35msource/vendors/fancybox/source/helpers/jquery.fancybox-thumbs.js\u001b[39m","time":"2016-04-06T12:56:36.018Z","v":0}
{"name":"hexo","hostname":"yulongjundeMacBook-Pro.local","pid":4554,"level":20,"msg":"Processed: \u001b[35msource/vendors/fancybox/source/helpers/jquery.fancybox-media.js\u001b[39m","time":"2016-04-06T12:56:36.018Z","v":0}
{"name":"hexo","hostname":"yulongjundeMacBook-Pro.local","pid":4554,"level":20,"msg":"Processed: \u001b[35msource/vendors/font-awesome/fonts/fontawesome-webfont.ttf\u001b[39m","time":"2016-04-06T12:56:36.018Z","v":0}
{"name":"hexo","hostname":"yulongjundeMacBook-Pro.local","pid":4554,"level":20,"msg":"Processed: \u001b[35mlayout/_scripts/third-party/analytics/baidu-analytics.swig\u001b[39m","time":"2016-04-06T12:56:36.023Z","v":0}
{"name":"hexo","hostname":"yulongjundeMacBook-Pro.local","pid":4554,"level":20,"msg":"Processed: \u001b[35mlayout/_scripts/third-party/analytics/cnzz-analytics.swig\u001b[39m","time":"2016-04-06T12:56:36.023Z","v":0}
{"name":"hexo","hostname":"yulongjundeMacBook-Pro.local","pid":4554,"level":20,"msg":"Processed: \u001b[35mlayout/_scripts/third-party/analytics/google-analytics.swig\u001b[39m","time":"2016-04-06T12:56:36.023Z","v":0}
{"name":"hexo","hostname":"yulongjundeMacBook-Pro.local","pid":4554,"level":20,"msg":"Processed: \u001b[35mlayout/_scripts/third-party/analytics/tencent-analytics.swig\u001b[39m","time":"2016-04-06T12:56:36.024Z","v":0}
{"name":"hexo","hostname":"yulongjundeMacBook-Pro.local","pid":4554,"level":20,"msg":"Processed: \u001b[35mlayout/_scripts/third-party/analytics/facebook-sdk.swig\u001b[39m","time":"2016-04-06T12:56:36.024Z","v":0}
{"name":"hexo","hostname":"yulongjundeMacBook-Pro.local","pid":4554,"level":20,"msg":"Processed: \u001b[35msource/vendors/font-cn/selection.json\u001b[39m","time":"2016-04-06T12:56:36.024Z","v":0}
{"name":"hexo","hostname":"yulongjundeMacBook-Pro.local","pid":4554,"level":20,"msg":"Processed: \u001b[35mlayout/_scripts/third-party/comments/duoshuo.swig\u001b[39m","time":"2016-04-06T12:56:36.029Z","v":0}
{"name":"hexo","hostname":"yulongjundeMacBook-Pro.local","pid":4554,"level":20,"msg":"Processed: \u001b[35mlayout/_scripts/third-party/comments/disqus.swig\u001b[39m","time":"2016-04-06T12:56:36.029Z","v":0}
{"name":"hexo","hostname":"yulongjundeMacBook-Pro.local","pid":4554,"level":20,"msg":"Processed: \u001b[35msource/vendors/font-awesome/fonts/fontawesome-webfont.svg\u001b[39m","time":"2016-04-06T12:56:36.033Z","v":0}
{"name":"hexo","hostname":"yulongjundeMacBook-Pro.local","pid":4554,"level":20,"msg":"Processed: \u001b[35msource/vendors/font-cn/fonts/NViconsLib2.svg\u001b[39m","time":"2016-04-06T12:56:36.033Z","v":0}
{"name":"hexo","hostname":"yulongjundeMacBook-Pro.local","pid":4554,"level":20,"msg":"Processed: \u001b[35mimages/oop-class/debug.log\u001b[39m","time":"2016-04-06T12:56:36.034Z","v":0}
{"name":"hexo","hostname":"yulongjundeMacBook-Pro.local","pid":4554,"level":20,"msg":"Generator: \u001b[35mpage\u001b[39m","time":"2016-04-06T12:56:36.578Z","v":0}
{"name":"hexo","hostname":"yulongjundeMacBook-Pro.local","pid":4554,"level":20,"msg":"Generator: \u001b[35mpost\u001b[39m","time":"2016-04-06T12:56:36.578Z","v":0}
{"name":"hexo","hostname":"yulongjundeMacBook-Pro.local","pid":4554,"level":20,"msg":"Generator: \u001b[35marchive\u001b[39m","time":"2016-04-06T12:56:36.578Z","v":0}
{"name":"hexo","hostname":"yulongjundeMacBook-Pro.local","pid":4554,"level":20,"msg":"Generator: \u001b[35mcategory\u001b[39m","time":"2016-04-06T12:56:36.578Z","v":0}
{"name":"hexo","hostname":"yulongjundeMacBook-Pro.local","pid":4554,"level":20,"msg":"Generator: \u001b[35mfeed\u001b[39m","time":"2016-04-06T12:56:36.579Z","v":0}
{"name":"hexo","hostname":"yulongjundeMacBook-Pro.local","pid":4554,"level":20,"msg":"Generator: \u001b[35mindex\u001b[39m","time":"2016-04-06T12:56:36.579Z","v":0}
{"name":"hexo","hostname":"yulongjundeMacBook-Pro.local","pid":4554,"level":20,"msg":"Generator: \u001b[35mtag\u001b[39m","time":"2016-04-06T12:56:36.579Z","v":0}
{"name":"hexo","hostname":"yulongjundeMacBook-Pro.local","pid":4554,"level":20,"msg":"Generator: \u001b[35masset\u001b[39m","time":"2016-04-06T12:56:36.580Z","v":0}
{"name":"hexo","hostname":"yulongjundeMacBook-Pro.local","pid":4554,"level":30,"msg":"Hexo is running at \u001b[4mhttp://localhost:4000/\u001b[24m. Press Ctrl+C to stop.","time":"2016-04-06T12:56:36.602Z","v":0}
{"name":"hexo","hostname":"yulongjundeMacBook-Pro.local","pid":4554,"level":20,"msg":"Database saved","time":"2016-04-06T12:56:36.640Z","v":0}
{"name":"hexo","hostname":"yulongjundeMacBook-Pro.local","pid":4554,"level":20,"msg":"Rendering index: \u001b[35mindex.html\u001b[39m","time":"2016-04-06T12:56:41.330Z","v":0}
{"name":"hexo","hostname":"yulongjundeMacBook-Pro.local","pid":4554,"level":20,"msg":"Rendering post: \u001b[35m2016/04/06/12-oop-class/index.html\u001b[39m","time":"2016-04-06T12:56:47.675Z","v":0}
{"name":"hexo","hostname":"yulongjundeMacBook-Pro.local","pid":4554,"level":20,"msg":"Processed: \u001b[35m_posts/12-oop-class.md\u001b[39m","time":"2016-04-06T13:00:06.103Z","v":0}
{"name":"hexo","hostname":"yulongjundeMacBook-Pro.local","pid":4554,"level":20,"msg":"Generator: \u001b[35mpage\u001b[39m","time":"2016-04-06T13:00:06.462Z","v":0}
{"name":"hexo","hostname":"yulongjundeMacBook-Pro.local","pid":4554,"level":20,"msg":"Generator: \u001b[35mpost\u001b[39m","time":"2016-04-06T13:00:06.462Z","v":0}
{"name":"hexo","hostname":"yulongjundeMacBook-Pro.local","pid":4554,"level":20,"msg":"Generator: \u001b[35marchive\u001b[39m","time":"2016-04-06T13:00:06.462Z","v":0}
{"name":"hexo","hostname":"yulongjundeMacBook-Pro.local","pid":4554,"level":20,"msg":"Generator: \u001b[35mcategory\u001b[39m","time":"2016-04-06T13:00:06.462Z","v":0}
{"name":"hexo","hostname":"yulongjundeMacBook-Pro.local","pid":4554,"level":20,"msg":"Generator: \u001b[35mfeed\u001b[39m","time":"2016-04-06T13:00:06.462Z","v":0}
{"name":"hexo","hostname":"yulongjundeMacBook-Pro.local","pid":4554,"level":20,"msg":"Generator: \u001b[35mindex\u001b[39m","time":"2016-04-06T13:00:06.462Z","v":0}
{"name":"hexo","hostname":"yulongjundeMacBook-Pro.local","pid":4554,"level":20,"msg":"Generator: \u001b[35mtag\u001b[39m","time":"2016-04-06T13:00:06.462Z","v":0}
{"name":"hexo","hostname":"yulongjundeMacBook-Pro.local","pid":4554,"level":20,"msg":"Generator: \u001b[35masset\u001b[39m","time":"2016-04-06T13:00:06.464Z","v":0}
{"name":"hexo","hostname":"yulongjundeMacBook-Pro.local","pid":4554,"level":20,"msg":"Processed: \u001b[35m_posts/12-oop-class.md\u001b[39m","time":"2016-04-06T13:00:18.293Z","v":0}
{"name":"hexo","hostname":"yulongjundeMacBook-Pro.local","pid":4554,"level":20,"msg":"Generator: \u001b[35mpage\u001b[39m","time":"2016-04-06T13:00:18.598Z","v":0}
{"name":"hexo","hostname":"yulongjundeMacBook-Pro.local","pid":4554,"level":20,"msg":"Generator: \u001b[35mpost\u001b[39m","time":"2016-04-06T13:00:18.599Z","v":0}
{"name":"hexo","hostname":"yulongjundeMacBook-Pro.local","pid":4554,"level":20,"msg":"Generator: \u001b[35marchive\u001b[39m","time":"2016-04-06T13:00:18.599Z","v":0}
{"name":"hexo","hostname":"yulongjundeMacBook-Pro.local","pid":4554,"level":20,"msg":"Generator: \u001b[35mcategory\u001b[39m","time":"2016-04-06T13:00:18.599Z","v":0}
{"name":"hexo","hostname":"yulongjundeMacBook-Pro.local","pid":4554,"level":20,"msg":"Generator: \u001b[35mfeed\u001b[39m","time":"2016-04-06T13:00:18.599Z","v":0}
{"name":"hexo","hostname":"yulongjundeMacBook-Pro.local","pid":4554,"level":20,"msg":"Generator: \u001b[35mindex\u001b[39m","time":"2016-04-06T13:00:18.599Z","v":0}
{"name":"hexo","hostname":"yulongjundeMacBook-Pro.local","pid":4554,"level":20,"msg":"Generator: \u001b[35mtag\u001b[39m","time":"2016-04-06T13:00:18.599Z","v":0}
{"name":"hexo","hostname":"yulongjundeMacBook-Pro.local","pid":4554,"level":20,"msg":"Generator: \u001b[35masset\u001b[39m","time":"2016-04-06T13:00:18.599Z","v":0}
{"name":"hexo","hostname":"yulongjundeMacBook-Pro.local","pid":4554,"level":20,"msg":"Processed: \u001b[35m_posts/12-oop-class.md\u001b[39m","time":"2016-04-06T13:04:25.123Z","v":0}
{"name":"hexo","hostname":"yulongjundeMacBook-Pro.local","pid":4554,"level":20,"msg":"Generator: \u001b[35mpage\u001b[39m","time":"2016-04-06T13:04:25.367Z","v":0}
{"name":"hexo","hostname":"yulongjundeMacBook-Pro.local","pid":4554,"level":20,"msg":"Generator: \u001b[35mpost\u001b[39m","time":"2016-04-06T13:04:25.367Z","v":0}
{"name":"hexo","hostname":"yulongjundeMacBook-Pro.local","pid":4554,"level":20,"msg":"Generator: \u001b[35marchive\u001b[39m","time":"2016-04-06T13:04:25.368Z","v":0}
{"name":"hexo","hostname":"yulongjundeMacBook-Pro.local","pid":4554,"level":20,"msg":"Generator: \u001b[35mcategory\u001b[39m","time":"2016-04-06T13:04:25.368Z","v":0}
{"name":"hexo","hostname":"yulongjundeMacBook-Pro.local","pid":4554,"level":20,"msg":"Generator: \u001b[35mfeed\u001b[39m","time":"2016-04-06T13:04:25.368Z","v":0}
{"name":"hexo","hostname":"yulongjundeMacBook-Pro.local","pid":4554,"level":20,"msg":"Generator: \u001b[35mindex\u001b[39m","time":"2016-04-06T13:04:25.368Z","v":0}
{"name":"hexo","hostname":"yulongjundeMacBook-Pro.local","pid":4554,"level":20,"msg":"Generator: \u001b[35mtag\u001b[39m","time":"2016-04-06T13:04:25.368Z","v":0}
{"name":"hexo","hostname":"yulongjundeMacBook-Pro.local","pid":4554,"level":20,"msg":"Generator: \u001b[35masset\u001b[39m","time":"2016-04-06T13:04:25.369Z","v":0}
{"name":"hexo","hostname":"yulongjundeMacBook-Pro.local","pid":4554,"level":20,"msg":"Processed: \u001b[35m_posts/12-oop-class.md\u001b[39m","time":"2016-04-06T13:04:26.616Z","v":0}
{"name":"hexo","hostname":"yulongjundeMacBook-Pro.local","pid":4554,"level":20,"msg":"Generator: \u001b[35mpage\u001b[39m","time":"2016-04-06T13:04:26.819Z","v":0}
{"name":"hexo","hostname":"yulongjundeMacBook-Pro.local","pid":4554,"level":20,"msg":"Generator: \u001b[35mpost\u001b[39m","time":"2016-04-06T13:04:26.823Z","v":0}
{"name":"hexo","hostname":"yulongjundeMacBook-Pro.local","pid":4554,"level":20,"msg":"Generator: \u001b[35marchive\u001b[39m","time":"2016-04-06T13:04:26.823Z","v":0}
{"name":"hexo","hostname":"yulongjundeMacBook-Pro.local","pid":4554,"level":20,"msg":"Generator: \u001b[35mcategory\u001b[39m","time":"2016-04-06T13:04:26.823Z","v":0}
{"name":"hexo","hostname":"yulongjundeMacBook-Pro.local","pid":4554,"level":20,"msg":"Generator: \u001b[35mfeed\u001b[39m","time":"2016-04-06T13:04:26.823Z","v":0}
{"name":"hexo","hostname":"yulongjundeMacBook-Pro.local","pid":4554,"level":20,"msg":"Generator: \u001b[35mindex\u001b[39m","time":"2016-04-06T13:04:26.823Z","v":0}
{"name":"hexo","hostname":"yulongjundeMacBook-Pro.local","pid":4554,"level":20,"msg":"Generator: \u001b[35mtag\u001b[39m","time":"2016-04-06T13:04:26.823Z","v":0}
{"name":"hexo","hostname":"yulongjundeMacBook-Pro.local","pid":4554,"level":20,"msg":"Generator: \u001b[35masset\u001b[39m","time":"2016-04-06T13:04:26.824Z","v":0}
{"name":"hexo","hostname":"yulongjundeMacBook-Pro.local","pid":4554,"level":20,"msg":"Processed: \u001b[35m_posts/12-oop-class.md\u001b[39m","time":"2016-04-06T13:04:27.378Z","v":0}
{"name":"hexo","hostname":"yulongjundeMacBook-Pro.local","pid":4554,"level":20,"msg":"Generator: \u001b[35mpage\u001b[39m","time":"2016-04-06T13:04:27.581Z","v":0}
{"name":"hexo","hostname":"yulongjundeMacBook-Pro.local","pid":4554,"level":20,"msg":"Generator: \u001b[35mpost\u001b[39m","time":"2016-04-06T13:04:27.581Z","v":0}
{"name":"hexo","hostname":"yulongjundeMacBook-Pro.local","pid":4554,"level":20,"msg":"Generator: \u001b[35marchive\u001b[39m","time":"2016-04-06T13:04:27.582Z","v":0}
{"name":"hexo","hostname":"yulongjundeMacBook-Pro.local","pid":4554,"level":20,"msg":"Generator: \u001b[35mcategory\u001b[39m","time":"2016-04-06T13:04:27.582Z","v":0}
{"name":"hexo","hostname":"yulongjundeMacBook-Pro.local","pid":4554,"level":20,"msg":"Generator: \u001b[35mfeed\u001b[39m","time":"2016-04-06T13:04:27.582Z","v":0}
{"name":"hexo","hostname":"yulongjundeMacBook-Pro.local","pid":4554,"level":20,"msg":"Generator: \u001b[35mindex\u001b[39m","time":"2016-04-06T13:04:27.582Z","v":0}
{"name":"hexo","hostname":"yulongjundeMacBook-Pro.local","pid":4554,"level":20,"msg":"Generator: \u001b[35mtag\u001b[39m","time":"2016-04-06T13:04:27.582Z","v":0}
{"name":"hexo","hostname":"yulongjundeMacBook-Pro.local","pid":4554,"level":20,"msg":"Generator: \u001b[35masset\u001b[39m","time":"2016-04-06T13:04:27.583Z","v":0}
{"name":"hexo","hostname":"yulongjundeMacBook-Pro.local","pid":4554,"level":20,"msg":"Processed: \u001b[35m_posts/12-oop-class.md\u001b[39m","time":"2016-04-06T13:04:28.738Z","v":0}
{"name":"hexo","hostname":"yulongjundeMacBook-Pro.local","pid":4554,"level":20,"msg":"Generator: \u001b[35mpage\u001b[39m","time":"2016-04-06T13:04:28.951Z","v":0}
{"name":"hexo","hostname":"yulongjundeMacBook-Pro.local","pid":4554,"level":20,"msg":"Generator: \u001b[35mpost\u001b[39m","time":"2016-04-06T13:04:28.951Z","v":0}
{"name":"hexo","hostname":"yulongjundeMacBook-Pro.local","pid":4554,"level":20,"msg":"Generator: \u001b[35marchive\u001b[39m","time":"2016-04-06T13:04:28.952Z","v":0}
{"name":"hexo","hostname":"yulongjundeMacBook-Pro.local","pid":4554,"level":20,"msg":"Generator: \u001b[35mcategory\u001b[39m","time":"2016-04-06T13:04:28.952Z","v":0}
{"name":"hexo","hostname":"yulongjundeMacBook-Pro.local","pid":4554,"level":20,"msg":"Generator: \u001b[35mfeed\u001b[39m","time":"2016-04-06T13:04:28.952Z","v":0}
{"name":"hexo","hostname":"yulongjundeMacBook-Pro.local","pid":4554,"level":20,"msg":"Generator: \u001b[35mindex\u001b[39m","time":"2016-04-06T13:04:28.952Z","v":0}
{"name":"hexo","hostname":"yulongjundeMacBook-Pro.local","pid":4554,"level":20,"msg":"Generator: \u001b[35mtag\u001b[39m","time":"2016-04-06T13:04:28.953Z","v":0}
{"name":"hexo","hostname":"yulongjundeMacBook-Pro.local","pid":4554,"level":20,"msg":"Generator: \u001b[35masset\u001b[39m","time":"2016-04-06T13:04:28.954Z","v":0}
{"name":"hexo","hostname":"yulongjundeMacBook-Pro.local","pid":4554,"level":30,"msg":"Farewell","time":"2016-04-06T13:04:35.978Z","v":0}
{"name":"hexo","hostname":"yulongjundeMacBook-Pro.local","pid":4554,"level":20,"msg":"Database saved","time":"2016-04-06T13:04:36.028Z","v":0}
